$GPYBM,SN00903638,071040.80,+29.675223866,+106.475758723,247.860,224.183,-1.811,0.000,-0.003,0.003,0.003,3361887.159,-815359.531,55.574,65.500,4,4,15,1,0004,1.104,15,*44
$GPYBM,SN00903638,071041.00,+29.675223864,+106.475758723,247.859,224.136,-1.528,-0.001,0.000,0.006,0.001,3361887.158,-815359.530,55.573,65.500,4,4,15,2,0004,1.106,15,*4F
$GPYBM,SN00903638,071041.20,+29.675223843,+106.475758715,247.861,224.172,-1.725,-0.011,-0.004,-0.011,0.011,3361887.156,-815359.532,55.571,65.499,4,4,15,1,0004,1.105,15,*44
$GPYBM,SN00903638,071041.40,+29.675223851,+106.475758723,247.859,224.199,-1.757,0.003,0.004,0.011,0.005,3361887.157,-815359.531,55.572,65.500,4,4,15,1,0004,1.103,15,*62
$GPYBM,SN00903638,071041.60,+29.675223850,+106.475758714,247.860,224.090,-1.625,-0.000,-0.004,-0.005,0.004,3361887.157,-815359.532,55.572,65.499,4,4,15,1,0004,1.105,15,*4D
$GPYBM,SN00903638,071041.80,+29.675223848,+106.475758719,247.857,224.105,-1.366,-0.001,0.002,0.016,0.002,3361887.157,-815359.531,55.572,65.500,4,4,15,1,0004,1.104,15,*4C
$GPYBM,SN00903638,071042.00,+29.675223847,+106.475758713,247.862,224.081,-1.756,-0.001,-0.003,-0.023,0.003,3361887.157,-815359.532,55.572,65.499,4,4,15,2,0004,1.103,15,*4E
$GPYBM,SN00903638,071042.20,+29.675223849,+106.475758727,247.864,224.101,-1.868,0.001,0.006,-0.012,0.006,3361887.157,-815359.530,55.572,65.501,4,4,15,1,0004,1.104,15,*4C
$GPYBM,SN00903638,071042.40,+29.675223850,+106.475758734,247.864,224.094,-1.747,0.000,0.004,0.000,0.004,3361887.157,-815359.530,55.572,65.501,4,4,15,1,0004,1.105,15,*61
$GPYBM,SN00903638,071042.60,+29.675223836,+106.475758731,247.864,224.154,-1.736,-0.007,-0.001,-0.003,0.007,3361887.155,-815359.530,55.570,65.501,4,4,15,1,0004,1.104,15,*43
$GPYBM,SN00903638,071042.80,+29.675223836,+106.475758728,247.861,224.107,-1.396,-0.000,-0.001,0.017,0.001,3361887.155,-815359.530,55.570,65.501,4,4,15,1,0004,1.104,15,*61
$GPYBM,SN00903638,071043.00,+29.675223827,+106.475758721,247.865,224.129,-1.884,-0.004,-0.004,-0.021,0.006,3361887.154,-815359.531,55.569,65.500,4,4,15,2,0004,1.104,15,*45
$GPYBM,SN00903638,071043.20,+29.675223834,+106.475758750,247.871,224.258,-1.846,0.003,0.013,-0.030,0.013,3361887.155,-815359.528,55.570,65.503,4,4,15,1,0004,1.106,15,*4B
$GPYBM,SN00903638,071043.40,+29.675223834,+106.475758744,247.869,224.273,-2.037,0.000,-0.002,0.007,0.002,3361887.155,-815359.529,55.570,65.502,4,4,15,1,0004,1.106,15,*42
$GPYBM,SN00903638,071043.60,+29.675223837,+106.475758726,247.868,224.150,-1.848,0.001,-0.008,0.009,0.009,3361887.155,-815359.531,55.570,65.500,4,4,15,1,0004,1.103,15,*47
$GPYBM,SN00903638,071043.80,+29.675223826,+106.475758721,247.866,224.120,-1.710,-0.005,-0.003,0.010,0.006,3361887.154,-815359.531,55.569,65.500,4,4,15,1,0004,1.104,15,*6E
$GPYBM,SN00903638,071044.00,+29.675223833,+106.475758731,247.868,224.101,-1.751,0.003,0.004,-0.008,0.005,3361887.155,-815359.530,55.570,65.501,4,4,15,2,0004,1.104,15,*40
$GPYBM,SN00903638,071044.20,+29.675223871,+106.475758740,247.865,224.119,-1.760,0.020,0.004,0.010,0.020,3361887.159,-815359.529,55.574,65.502,4,4,15,1,0004,1.106,15,*64
$GPYBM,SN00903638,071044.40,+29.675223866,+106.475758742,247.867,224.210,-1.942,-0.001,0.001,-0.005,0.002,3361887.158,-815359.529,55.574,65.502,4,4,15,1,0004,1.104,15,*61
$GPYBM,SN00903638,071044.60,+29.675223867,+106.475758746,247.865,224.202,-2.054,0.000,0.002,0.007,0.002,3361887.159,-815359.528,55.574,65.502,4,4,15,1,0004,1.104,15,*6A
$GPYBM,SN00903638,071044.80,+29.675223864,+106.475758757,247.867,224.173,-1.516,-0.002,0.005,-0.008,0.005,3361887.158,-815359.527,55.573,65.503,4,4,15,1,0004,1.105,15,*64
$GPYBM,SN00903638,071045.00,+29.675223860,+106.475758742,247.868,224.184,-1.974,-0.002,-0.006,-0.008,0.007,3361887.158,-815359.529,55.573,65.502,4,4,15,2,0004,1.104,15,*43
$GPYBM,SN00903638,071045.20,+29.675223862,+106.475758737,247.865,224.068,-1.674,0.001,-0.003,0.017,0.003,3361887.158,-815359.529,55.573,65.502,4,4,15,1,0004,1.104,15,*4F
$GPYBM,SN00903638,071045.40,+29.675223856,+106.475758739,247.865,224.038,-1.531,-0.003,0.001,-0.002,0.003,3361887.157,-815359.529,55.573,65.502,4,4,15,1,0004,1.104,15,*61
$GPYBM,SN00903638,071045.60,+29.675223843,+106.475758748,247.868,224.204,-1.939,-0.007,0.004,-0.011,0.008,3361887.156,-815359.528,55.571,65.503,4,4,15,1,0004,1.103,15,*69
$GPYBM,SN00903638,071045.80,+29.675223833,+106.475758745,247.873,224.124,-1.518,-0.006,-0.001,-0.024,0.006,3361887.155,-815359.529,55.570,65.502,4,4,15,1,0004,1.105,15,*4C
$GPYBM,SN00903638,071046.00,+29.675223833,+106.475758739,247.872,224.249,-1.901,-0.000,-0.003,0.001,0.003,3361887.155,-815359.529,55.570,65.502,4,4,15,2,0004,1.106,15,*6A
$GPYBM,SN00903638,071046.20,+29.675223847,+106.475758735,247.866,224.095,-1.796,0.007,-0.002,0.030,0.008,3361887.156,-815359.530,55.572,65.501,4,4,15,1,0004,1.104,15,*48
$GPYBM,SN00903638,071046.40,+29.675223836,+106.475758742,247.869,224.212,-1.974,-0.005,0.003,-0.011,0.006,3361887.155,-815359.529,55.570,65.502,4,4,15,1,0004,1.105,15,*60
$GPYBM,SN00903638,071046.60,+29.675223833,+106.475758733,247.869,224.294,-2.192,-0.002,-0.004,-0.000,0.004,3361887.155,-815359.530,55.570,65.501,4,4,15,1,0004,1.104,15,*49
$GPYBM,SN00903638,071046.80,+29.675223836,+106.475758730,247.868,224.166,-2.027,0.001,-0.002,0.001,0.002,3361887.155,-815359.530,55.570,65.501,4,4,15,1,0004,1.104,15,*43
$GPYBM,SN00903638,071047.00,+29.675223833,+106.475758740,247.868,224.237,-2.016,-0.002,0.004,-0.001,0.005,3361887.155,-815359.529,55.570,65.502,4,4,15,2,0004,1.104,15,*6A
$GPYBM,SN00903638,071047.20,+29.675223834,+106.475758745,247.872,224.123,-1.936,0.001,0.002,-0.014,0.002,3361887.155,-815359.529,55.570,65.502,4,4,15,1,0004,1.105,15,*46
$GPYBM,SN00903638,071047.40,+29.675223828,+106.475758744,247.871,224.317,-1.999,-0.003,-0.000,0.003,0.003,3361887.154,-815359.529,55.569,65.502,4,4,15,1,0004,1.104,15,*6D
$GPYBM,SN00903638,071047.60,+29.675223832,+106.475758747,247.870,224.202,-1.914,0.002,0.001,0.003,0.003,3361887.155,-815359.529,55.570,65.503,4,4,15,1,0004,1.103,15,*69
$GPYBM,SN00903638,071047.80,+29.675223832,+106.475758752,247.874,224.130,-1.762,-0.000,0.002,-0.017,0.003,3361887.154,-815359.528,55.570,65.503,4,4,15,1,0004,1.104,15,*69
$GPYBM,SN00903638,071048.00,+29.675223832,+106.475758753,247.878,224.171,-1.941,0.000,0.000,-0.019,0.001,3361887.155,-815359.528,55.570,65.503,4,4,15,2,0004,1.104,15,*48
$GPYBM,SN00903638,071048.20,+29.675223861,+106.475758777,247.871,224.218,-1.850,0.015,0.011,0.031,0.018,3361887.157,-815359.525,55.573,65.505,4,4,15,1,0004,1.106,15,*6E
$GPYBM,SN00903638,071048.40,+29.675223862,+106.475758763,247.871,224.153,-1.743,0.001,-0.005,0.002,0.005,3361887.158,-815359.527,55.573,65.504,4,4,15,1,0004,1.106,15,*42
$GPYBM,SN00903638,071048.60,+29.675223852,+106.475758771,247.874,224.072,-1.551,-0.005,0.003,-0.015,0.006,3361887.157,-815359.526,55.572,65.505,4,4,15,1,0004,1.104,15,*60
$GPYBM,SN00903638,071048.80,+29.675223835,+106.475758770,247.874,224.388,-2.139,-0.009,-0.000,-0.000,0.009,3361887.155,-815359.526,55.570,65.505,4,4,15,1,0004,1.105,15,*49
$GPYBM,SN00903638,071049.00,+29.675223845,+106.475758760,247.874,224.054,-1.740,0.005,-0.004,-0.002,0.007,3361887.156,-815359.527,55.571,65.504,4,4,15,2,0004,1.104,15,*66
$GPYBM,SN00903638,071049.20,+29.675223832,+106.475758750,247.871,224.119,-1.696,-0.006,-0.005,0.013,0.008,3361887.155,-815359.528,55.570,65.503,4,4,15,1,0004,1.105,15,*65
$GPYBM,SN00903638,071049.40,+29.675223820,+106.475758734,247.872,224.098,-1.727,-0.007,-0.008,-0.003,0.010,3361887.153,-815359.530,55.569,65.501,4,4,15,1,0004,1.103,15,*48
$GPYBM,SN00903638,071049.60,+29.675223822,+106.475758738,247.869,224.199,-1.721,0.001,0.001,0.014,0.001,3361887.154,-815359.530,55.569,65.502,4,4,15,1,0004,1.104,15,*6F
$GPYBM,SN00903638,071049.80,+29.675223827,+106.475758746,247.873,224.131,-1.890,0.002,0.004,-0.016,0.004,3361887.154,-815359.529,55.569,65.502,4,4,15,1,0004,1.104,15,*45
$GPYBM,SN00903638,071050.00,+29.675223826,+106.475758735,247.872,223.989,-1.515,-0.000,-0.005,0.003,0.005,3361887.154,-815359.530,55.569,65.501,4,4,15,2,0004,1.103,15,*69
$GPYBM,SN00903638,071050.20,+29.675223847,+106.475758727,247.867,224.247,-2.035,0.011,-0.004,0.025,0.011,3361887.156,-815359.530,55.572,65.501,4,4,15,1,0004,1.105,15,*41
$GPYBM,SN00903638,071050.40,+29.675223843,+106.475758731,247.867,224.160,-1.630,-0.001,0.001,-0.002,0.002,3361887.156,-815359.530,55.571,65.501,4,4,15,1,0004,1.103,15,*69
$GPYBM,SN00903638,071050.60,+29.675223839,+106.475758738,247.873,224.258,-2.068,-0.002,0.003,-0.028,0.004,3361887.155,-815359.529,55.571,65.502,4,4,15,1,0004,1.105,15,*6B
$GPYBM,SN00903638,071050.80,+29.675223830,+106.475758747,247.878,224.413,-2.570,-0.005,0.004,-0.021,0.006,3361887.154,-815359.529,55.570,65.503,4,4,15,1,0004,1.106,15,*63
$GPYBM,SN00903638,071051.00,+29.675223829,+106.475758734,247.875,224.196,-1.916,-0.001,-0.005,0.009,0.005,3361887.154,-815359.530,55.570,65.501,4,4,15,2,0004,1.102,15,*6D
$GPYBM,SN00903638,071051.20,+29.675223869,+106.475758738,247.870,224.198,-2.048,0.020,0.001,0.026,0.020,3361887.159,-815359.529,55.574,65.502,4,4,15,1,0004,1.105,15,*66
$GPYBM,SN00903638,071051.40,+29.675223866,+106.475758726,247.868,224.150,-2.061,0.000,-0.005,0.011,0.005,3361887.159,-815359.530,55.574,65.501,4,4,15,1,0004,1.104,15,*44
$GPYBM,SN00903638,071051.60,+29.675223854,+106.475758742,247.867,224.260,-1.877,-0.006,0.007,0.003,0.009,3361887.157,-815359.529,55.572,65.502,4,4,15,1,0004,1.104,15,*4E
$GPYBM,SN00903638,071051.80,+29.675223851,+106.475758736,247.869,224.161,-1.806,-0.002,-0.002,-0.006,0.003,3361887.157,-815359.529,55.572,65.501,4,4,15,1,0004,1.104,15,*41
$GPYBM,SN00903638,071052.00,+29.675223860,+106.475758742,247.867,224.162,-1.784,0.005,0.003,0.008,0.005,3361887.158,-815359.529,55.573,65.502,4,4,15,2,0004,1.104,15,*6E
$GPYBM,SN00903638,071052.20,+29.675223856,+106.475758730,247.868,224.130,-1.817,-0.002,-0.005,-0.002,0.005,3361887.157,-815359.530,55.573,65.501,4,4,15,1,0004,1.103,15,*47
$GPYBM,SN00903638,071052.40,+29.675223855,+106.475758730,247.867,224.116,-1.831,-0.001,-0.000,0.003,0.001,3361887.157,-815359.530,55.572,65.501,4,4,15,1,0004,1.104,15,*65
$GPYBM,SN00903638,071052.60,+29.675223859,+106.475758725,247.864,224.189,-1.825,0.002,-0.002,0.012,0.003,3361887.158,-815359.530,55.573,65.500,4,4,15,1,0004,1.105,15,*4F
$GPYBM,SN00903638,071052.80,+29.675223855,+106.475758732,247.868,224.117,-1.889,-0.002,0.003,-0.015,0.004,3361887.157,-815359.530,55.572,65.501,4,4,15,1,0004,1.106,15,*66
$GPYBM,SN00903638,071053.00,+29.675223842,+106.475758731,247.870,224.214,-2.143,-0.007,-0.000,-0.012,0.007,3361887.156,-815359.530,55.571,65.501,4,4,15,2,0004,1.103,15,*44
$GPYBM,SN00903638,071053.20,+29.675223844,+106.475758724,247.865,224.240,-2.114,0.001,-0.003,0.022,0.003,3361887.156,-815359.531,55.571,65.500,4,4,15,1,0004,1.104,15,*45
$GPYBM,SN00903638,071053.40,+29.675223846,+106.475758725,247.866,224.172,-1.882,0.001,0.000,-0.003,0.001,3361887.156,-815359.531,55.571,65.500,4,4,15,1,0004,1.105,15,*47
$GPYBM,SN00903638,071053.60,+29.675223854,+106.475758719,247.863,224.148,-1.839,0.004,-0.002,0.015,0.005,3361887.157,-815359.531,55.572,65.500,4,4,15,1,0004,1.104,15,*42
$GPYBM,SN00903638,071053.80,+29.675223848,+106.475758735,247.862,224.255,-1.843,-0.003,0.007,0.004,0.008,3361887.156,-815359.530,55.572,65.501,4,4,15,1,0004,1.104,15,*42
$GPYBM,SN00903638,071054.00,+29.675223842,+106.475758732,247.863,224.151,-1.801,-0.003,-0.001,-0.005,0.004,3361887.156,-815359.530,55.571,65.501,4,4,15,2,0004,1.104,15,*4B
$GPYBM,SN00903638,071054.20,+29.675223869,+106.475758756,247.862,224.176,-1.748,0.014,0.010,0.004,0.017,3361887.159,-815359.527,55.574,65.503,4,4,15,1,0004,1.105,15,*60
$GPYBM,SN00903638,071054.40,+29.675223852,+106.475758732,247.860,224.223,-1.763,-0.008,-0.010,0.009,0.013,3361887.157,-815359.530,55.572,65.501,4,4,15,1,0004,1.104,15,*6D
$GPYBM,SN00903638,071054.60,+29.675223855,+106.475758734,247.863,224.199,-1.905,0.001,0.000,-0.011,0.001,3361887.157,-815359.530,55.573,65.501,4,4,15,1,0004,1.104,15,*4F
$GPYBM,SN00903638,071054.80,+29.675223857,+106.475758752,247.863,224.149,-1.819,0.001,0.008,0.000,0.008,3361887.157,-815359.528,55.573,65.503,4,4,15,1,0004,1.104,15,*65
$GPYBM,SN00903638,071055.00,+29.675223859,+106.475758741,247.867,224.140,-1.852,0.001,-0.004,-0.020,0.004,3361887.158,-815359.529,55.573,65.502,4,4,15,2,0004,1.104,15,*6C
$GPYBM,SN00903638,071055.20,+29.675223865,+106.475758740,247.860,224.195,-2.024,0.003,-0.001,0.028,0.003,3361887.158,-815359.529,55.574,65.502,4,4,15,1,0004,1.103,15,*43
$GPYBM,SN00903638,071055.40,+29.675223872,+106.475758744,247.859,224.134,-1.922,0.004,0.002,0.008,0.004,3361887.159,-815359.528,55.574,65.502,4,4,15,1,0004,1.105,15,*60
$GPYBM,SN00903638,071055.60,+29.675223851,+106.475758725,247.860,224.194,-2.058,-0.010,-0.009,-0.003,0.014,3361887.157,-815359.531,55.572,65.500,4,4,15,1,0004,1.104,15,*49
$GPYBM,SN00903638,071055.80,+29.675223820,+106.475758678,247.853,224.131,-1.856,-0.017,-0.022,0.031,0.027,3361887.154,-815359.535,55.569,65.496,4,4,15,1,0004,1.104,15,*63
$GPYBM,SN00903638,071056.00,+29.675223725,+106.475758590,247.855,224.159,-1.707,-0.050,-0.041,-0.005,0.065,3361887.144,-815359.545,55.558,65.487,4,4,15,2,0004,1.102,15,*4F
$GPYBM,SN00903638,071056.20,+29.675223587,+106.475758400,247.859,224.151,-1.901,-0.074,-0.088,-0.022,0.116,3361887.131,-815359.566,55.543,65.469,4,4,15,1,0004,1.100,15,*48
$GPYBM,SN00903638,071056.40,+29.675223393,+106.475758187,247.858,224.013,-1.596,-0.105,-0.102,0.003,0.146,3361887.112,-815359.589,55.521,65.448,4,4,15,1,0004,1.100,15,*6B
$GPYBM,SN00903638,071056.60,+29.675223120,+106.475757841,247.847,223.768,-0.729,-0.148,-0.163,0.055,0.220,3361887.085,-815359.627,55.491,65.415,4,4,15,1,0004,1.101,15,*6F
$GPYBM,SN00903638,071056.80,+29.675222688,+106.475757385,247.854,223.776,-0.919,-0.233,-0.216,-0.030,0.318,3361887.042,-815359.678,55.443,65.371,4,4,15,1,0004,1.098,15,*46
$GPYBM,SN00903638,071057.00,+29.675222172,+106.475756796,247.847,223.749,-1.326,-0.282,-0.280,0.031,0.398,3361886.991,-815359.742,55.386,65.314,4,4,15,2,0004,1.097,15,*6D
$GPYBM,SN00903638,071057.20,+29.675221459,+106.475756114,247.856,223.534,-0.652,-0.387,-0.327,-0.043,0.506,3361886.919,-815359.819,55.307,65.248,4,4,15,1,0004,1.098,15,*4E
$GPYBM,SN00903638,071057.40,+29.675220655,+106.475755240,247.852,223.524,-1.006,-0.442,-0.416,0.019,0.607,3361886.838,-815359.915,55.218,65.163,4,4,15,1,0004,1.098,15,*64
$GPYBM,SN00903638,071057.60,+29.675219686,+106.475754188,247.850,223.737,-1.465,-0.531,-0.503,0.012,0.731,3361886.742,-815360.032,55.110,65.061,4,4,15,1,0004,1.100,15,*64
$GPYBM,SN00903638,071057.80,+29.675218557,+106.475752972,247.840,223.108,-0.032,-0.619,-0.582,0.046,0.850,3361886.629,-815360.166,54.985,64.944,4,4,15,1,0004,1.099,15,*6D
$GPYBM,SN00903638,071058.00,+29.675217227,+106.475751531,247.855,222.684,-1.122,-0.729,-0.690,-0.068,1.003,3361886.496,-815360.325,54.838,64.804,4,4,15,2,0004,1.095,15,*48
$GPYBM,SN00903638,071058.20,+29.675215701,+106.475750004,247.852,222.305,0.273,-0.838,-0.735,0.008,1.115,3361886.343,-815360.496,54.669,64.656,4,4,15,1,0004,1.105,15,*4F
$GPYBM,SN00903638,071058.40,+29.675213910,+106.475748180,247.856,222.866,-1.616,-0.982,-0.872,-0.014,1.314,3361886.163,-815360.699,54.470,64.480,4,4,15,1,0004,1.098,15,*40
$GPYBM,SN00903638,071058.60,+29.675211954,+106.475746112,247.850,222.431,-1.289,-1.077,-0.992,0.023,1.464,3361885.967,-815360.928,54.253,64.279,4,4,15,1,0004,1.103,15,*65
$GPYBM,SN00903638,071058.80,+29.675209666,+106.475743894,247.862,222.668,-1.425,-1.255,-1.068,-0.051,1.648,3361885.736,-815361.177,54.000,64.065,4,4,15,1,0004,1.106,15,*4D
$GPYBM,SN00903638,071059.00,+29.675207116,+106.475741237,247.851,221.885,-0.534,-1.402,-1.271,0.046,1.893,3361885.480,-815361.472,53.717,63.808,4,4,15,2,0004,1.102,15,*63
$GPYBM,SN00903638,071059.20,+29.675204254,+106.475738266,247.839,221.280,-0.314,-1.573,-1.426,0.059,2.123,3361885.193,-815361.802,53.400,63.520,4,4,15,1,0004,1.097,15,*64
$GPYBM,SN00903638,071059.40,+29.675201146,+106.475735192,247.847,221.059,-0.660,-1.712,-1.483,-0.034,2.266,3361884.879,-815362.145,53.055,63.222,4,4,15,1,0004,1.098,15,*4E
$GPYBM,SN00903638,071059.60,+29.675197911,+106.475732070,247.863,221.110,-1.256,-1.787,-1.509,-0.073,2.339,3361884.552,-815362.495,52.697,62.920,4,4,15,1,0004,1.103,15,*43
$GPYBM,SN00903638,071059.80,+29.675194596,+106.475728845,247.861,221.300,-2.731,-1.834,-1.557,0.003,2.406,3361884.217,-815362.856,52.329,62.608,4,4,15,1,0004,1.101,15,*61
$GPYBM,SN00903638,071100.00,+29.675191210,+106.475725500,247.844,220.561,-0.093,-1.874,-1.615,0.078,2.474,3361883.876,-815363.230,51.954,62.284,4,4,15,2,0004,1.100,15,*6B
$GPYBM,SN00903638,071100.20,+29.675187780,+106.475722012,247.835,220.593,-1.332,-1.899,-1.683,0.049,2.538,3361883.531,-815363.618,51.573,61.947,4,4,14,1,0004,1.094,14,*67
$GPYBM,SN00903638,071100.40,+29.675184303,+106.475718584,247.822,220.163,-0.068,-1.925,-1.661,0.064,2.543,3361883.180,-815364.001,51.188,61.615,4,4,15,1,0004,1.097,13,*6D
$GPYBM,SN00903638,071100.60,+29.675180808,+106.475715183,247.827,221.030,-1.543,-1.935,-1.649,-0.017,2.542,3361882.827,-815364.382,50.801,61.285,4,4,14,1,0004,1.103,13,*4C
$GPYBM,SN00903638,071100.80,+29.675177203,+106.475711736,247.845,221.553,-2.286,-1.994,-1.667,-0.086,2.599,3361882.462,-815364.768,50.401,60.952,4,4,14,1,0004,1.103,13,*46
$GPYBM,SN00903638,071101.00,+29.675173700,+106.475708142,247.823,221.092,-0.980,-1.945,-1.735,0.098,2.606,3361882.110,-815365.168,50.013,60.604,4,4,15,2,0004,1.093,13,*6C
$GPYBM,SN00903638,071101.20,+29.675170103,+106.475704560,247.825,221.430,-0.868,-1.990,-1.734,-0.003,2.640,3361881.748,-815365.568,49.614,60.257,4,4,15,1,0004,1.102,14,*43
$GPYBM,SN00903638,071101.40,+29.675166359,+106.475700768,247.820,221.700,-0.951,-2.069,-1.828,0.025,2.761,3361881.371,-815365.990,49.199,59.890,4,4,15,1,0004,1.104,14,*60
$GPYBM,SN00903638,071101.60,+29.675162502,+106.475696890,247.826,221.403,-0.718,-2.133,-1.874,-0.026,2.839,3361880.983,-815366.423,48.771,59.515,4,4,15,1,0004,1.102,14,*41
$GPYBM,SN00903638,071101.80,+29.675158641,+106.475692926,247.817,221.067,0.327,-2.139,-1.916,0.037,2.872,3361880.595,-815366.864,48.343,59.131,4,4,15,1,0004,1.099,15,*47
$GPYBM,SN00903638,071102.00,+29.675154603,+106.475688851,247.830,221.509,-0.842,-2.231,-1.968,-0.058,2.975,3361880.189,-815367.318,47.896,58.736,4,4,15,2,0004,1.095,15,*4A
$GPYBM,SN00903638,071102.20,+29.675150483,+106.475684727,247.833,222.116,-1.695,-2.279,-1.995,-0.013,3.029,3361879.774,-815367.778,47.439,58.337,4,4,15,1,0004,1.094,15,*45
$GPYBM,SN00903638,071102.40,+29.675146316,+106.475680407,247.823,221.819,-0.516,-2.308,-2.084,0.045,3.110,3361879.356,-815368.258,46.977,57.919,4,4,15,1,0004,1.096,14,*6F
$GPYBM,SN00903638,071102.60,+29.675142057,+106.475676050,247.814,221.657,0.132,-2.357,-2.107,0.043,3.161,3361878.928,-815368.743,46.505,57.497,4,4,14,1,0004,1.103,14,*4C
$GPYBM,SN00903638,071102.80,+29.675137569,+106.475671590,247.835,222.048,-1.382,-2.478,-2.155,-0.094,3.284,3361878.476,-815369.241,46.008,57.066,4,4,14,1,0004,1.101,14,*49
$GPYBM,SN00903638,071103.00,+29.675133029,+106.475666900,247.839,222.192,-1.559,-2.514,-2.262,-0.023,3.382,3361878.020,-815369.762,45.504,56.612,4,4,15,2,0004,1.100,14,*45
$GPYBM,SN00903638,071103.20,+29.675128403,+106.475662236,247.839,220.984,-1.393,-2.561,-2.258,-0.005,3.414,3361877.554,-815370.282,44.991,56.160,4,4,15,1,0004,1.100,14,*4B
$GPYBM,SN00903638,071103.40,+29.675123586,+106.475657513,247.829,220.126,-0.028,-2.662,-2.284,0.048,3.508,3361877.068,-815370.810,44.457,55.703,4,4,15,1,0004,1.102,14,*68
$GPYBM,SN00903638,071103.60,+29.675118557,+106.475652761,247.816,219.625,-0.110,-2.779,-2.299,0.061,3.607,3361876.558,-815371.344,43.900,55.243,4,4,15,1,0004,1.102,15,*60
$GPYBM,SN00903638,071103.80,+29.675113386,+106.475648066,247.837,219.121,-1.567,-2.860,-2.274,-0.092,3.654,3361876.032,-815371.874,43.327,54.788,4,4,15,1,0004,1.101,14,*4D
$GPYBM,SN00903638,071104.00,+29.675108084,+106.475643345,247.840,217.792,-1.558,-2.933,-2.284,-0.019,3.718,3361875.491,-815372.408,42.739,54.331,4,4,15,2,0004,1.101,13,*4C
$GPYBM,SN00903638,071104.20,+29.675102634,+106.475638787,247.855,216.859,-1.408,-3.015,-2.212,-0.071,3.739,3361874.931,-815372.929,42.135,53.890,4,4,15,1,0004,1.098,13,*4F
$GPYBM,SN00903638,071104.40,+29.675097202,+106.475634271,247.857,215.864,-1.175,-3.011,-2.188,-0.016,3.722,3361874.374,-815373.445,41.533,53.453,4,4,15,1,0004,1.100,13,*45
$GPYBM,SN00903638,071104.60,+29.675091816,+106.475629819,247.825,214.385,-0.297,-2.987,-2.157,0.148,3.685,3361873.820,-815373.954,40.936,53.022,4,4,15,1,0004,1.102,13,*6E
$GPYBM,SN00903638,071104.80,+29.675086185,+106.475625614,247.836,213.817,-2.017,-3.112,-2.044,-0.040,3.723,3361873.236,-815374.442,40.311,52.615,4,4,15,1,0004,1.100,14,*41
$GPYBM,SN00903638,071105.00,+29.675080584,+106.475621558,247.835,211.850,-1.056,-3.105,-1.969,0.001,3.676,3361872.654,-815374.916,39.691,52.222,4,4,14,2,0004,1.102,14,*64
$GPYBM,SN00903638,071105.20,+29.675074906,+106.475617526,247.835,211.321,-1.694,-3.144,-1.953,0.003,3.701,3361872.063,-815375.388,39.061,51.832,4,4,14,1,0004,1.102,14,*61
$GPYBM,SN00903638,071105.40,+29.675069299,+106.475613715,247.823,209.906,-1.130,-3.110,-1.852,0.054,3.620,3361871.477,-815375.837,38.440,51.463,4,4,14,1,0004,1.101,14,*69
$GPYBM,SN00903638,071105.60,+29.675063667,+106.475610246,247.817,208.910,-0.586,-3.121,-1.691,0.033,3.549,3361870.884,-815376.253,37.815,51.127,4,4,14,1,0004,1.103,14,*6D
$GPYBM,SN00903638,071105.80,+29.675058088,+106.475606829,247.806,208.552,-1.552,-3.094,-1.656,0.054,3.510,3361870.297,-815376.663,37.197,50.797,4,4,14,1,0004,1.105,14,*65
$GPYBM,SN00903638,071106.00,+29.675052341,+106.475603494,247.803,207.259,-0.063,-3.179,-1.617,0.018,3.567,3361869.690,-815377.067,36.560,50.474,4,4,14,2,0004,1.103,14,*6C
$GPYBM,SN00903638,071106.20,+29.675046504,+106.475600280,247.788,206.048,0.032,-3.231,-1.560,0.071,3.588,3361869.071,-815377.461,35.913,50.163,4,4,15,1,0004,1.104,14,*4E
$GPYBM,SN00903638,071106.40,+29.675040599,+106.475597248,247.794,205.021,-0.173,-3.270,-1.474,-0.023,3.587,3361868.443,-815377.838,35.258,49.869,4,4,15,1,0004,1.100,14,*40
$GPYBM,SN00903638,071106.60,+29.675034787,+106.475594271,247.790,203.790,0.184,-3.225,-1.443,0.018,3.533,3361867.824,-815378.208,34.614,49.581,4,4,15,1,0004,1.105,14,*46
$GPYBM,SN00903638,071106.80,+29.675028750,+106.475591418,247.800,203.035,0.875,-3.338,-1.385,-0.046,3.614,3361867.179,-815378.569,33.945,49.305,4,4,15,1,0004,1.107,14,*6F
$GPYBM,SN00903638,071107.00,+29.675022608,+106.475588733,247.828,201.749,-0.831,-3.399,-1.305,-0.135,3.641,3361866.520,-815378.915,33.264,49.045,4,4,15,2,0004,1.105,15,*4C
$GPYBM,SN00903638,071107.20,+29.675016434,+106.475586100,247.821,200.142,-0.043,-3.420,-1.277,0.025,3.651,3361865.857,-815379.256,32.580,48.790,4,4,15,1,0004,1.102,15,*6C
$GPYBM,SN00903638,071107.40,+29.675010193,+106.475583718,247.837,199.157,-0.507,-3.456,-1.162,-0.074,3.646,3361865.183,-815379.573,31.888,48.559,4,4,15,1,0004,1.106,15,*47
$GPYBM,SN00903638,071107.60,+29.675003838,+106.475581482,247.847,197.889,-1.456,-3.518,-1.088,-0.053,3.682,3361864.494,-815379.878,31.183,48.343,4,4,15,1,0004,1.103,15,*47
$GPYBM,SN00903638,071107.80,+29.674997420,+106.475579330,247.850,195.816,-1.416,-3.554,-1.045,-0.017,3.705,3361863.798,-815380.175,30.472,48.135,4,4,15,1,0004,1.107,14,*47
$GPYBM,SN00903638,071108.00,+29.674990777,+106.475577353,247.865,194.622,-1.591,-3.673,-0.963,-0.070,3.798,3361863.074,-815380.458,29.735,47.943,4,4,15,2,0004,1.105,14,*42
$GPYBM,SN00903638,071108.20,+29.674984045,+106.475575616,247.868,193.410,-2.338,-3.727,-0.849,-0.019,3.822,3361862.338,-815380.719,28.989,47.775,4,4,15,1,0004,1.103,14,*48
$GPYBM,SN00903638,071108.40,+29.674977176,+106.475574062,247.848,192.475,-1.304,-3.801,-0.759,0.092,3.876,3361861.584,-815380.963,28.228,47.625,4,4,14,1,0004,1.101,14,*67
$GPYBM,SN00903638,071108.60,+29.674970342,+106.475572570,247.843,190.910,-1.071,-3.789,-0.725,0.031,3.858,3361860.833,-815381.202,27.470,47.480,4,4,14,1,0004,1.103,14,*66
$GPYBM,SN00903638,071108.80,+29.674963463,+106.475571329,247.837,188.938,-1.246,-3.811,-0.609,0.027,3.860,3361860.074,-815381.415,26.708,47.360,4,4,14,1,0004,1.104,14,*64
$GPYBM,SN00903638,071109.00,+29.674956439,+106.475570234,247.826,187.453,-1.355,-3.887,-0.536,0.052,3.924,3361859.297,-815381.617,25.929,47.254,4,4,14,2,0004,1.104,14,*69
$GPYBM,SN00903638,071109.20,+29.674949357,+106.475569411,247.816,185.478,-1.380,-3.923,-0.408,0.051,3.944,3361858.510,-815381.793,25.144,47.174,4,4,14,1,0004,1.105,14,*61
$GPYBM,SN00903638,071109.40,+29.674942188,+106.475568921,247.815,184.027,-0.833,-3.970,-0.249,0.009,3.978,3361857.710,-815381.937,24.349,47.127,4,4,14,1,0004,1.108,14,*62
$GPYBM,SN00903638,071109.60,+29.674934992,+106.475568611,247.819,182.362,-1.356,-3.987,-0.157,-0.020,3.990,3361856.905,-815382.064,23.552,47.097,4,4,14,1,0004,1.106,14,*43
$GPYBM,SN00903638,071109.80,+29.674927798,+106.475568634,247.807,180.689,-1.180,-3.987,-0.000,0.057,3.987,3361856.096,-815382.158,22.754,47.099,4,4,14,1,0004,1.103,14,*63
$GPYBM,SN00903638,071110.00,+29.674920634,+106.475568729,247.800,178.795,-1.143,-3.972,0.042,0.037,3.972,3361855.289,-815382.244,21.960,47.108,4,4,14,2,0004,1.104,14,*46
$GPYBM,SN00903638,071110.20,+29.674913424,+106.475569129,247.804,176.843,-1.074,-3.994,0.183,-0.020,3.998,3361854.474,-815382.301,21.161,47.147,4,4,14,1,0004,1.103,14,*63
$GPYBM,SN00903638,071110.40,+29.674906185,+106.475569939,247.783,174.571,-0.448,-4.011,0.378,0.096,4.029,3361853.651,-815382.319,20.358,47.226,4,4,14,1,0004,1.103,14,*45
$GPYBM,SN00903638,071110.60,+29.674898918,+106.475571002,247.794,172.361,-1.099,-4.026,0.505,-0.042,4.058,3361852.821,-815382.312,19.553,47.328,4,4,14,1,0004,1.103,13,*6D
$GPYBM,SN00903638,071110.80,+29.674891745,+106.475572370,247.798,169.745,-1.356,-3.980,0.651,-0.020,4.032,3361851.999,-815382.274,18.758,47.461,4,4,14,1,0004,1.102,13,*66
$GPYBM,SN00903638,071111.00,+29.674884588,+106.475574152,247.792,167.088,-1.143,-3.968,0.847,0.026,4.057,3361851.173,-815382.195,17.964,47.633,4,4,14,2,0004,1.100,13,*45
$GPYBM,SN00903638,071111.20,+29.674877571,+106.475576288,247.769,164.324,-0.341,-3.895,1.021,0.108,4.026,3361850.359,-815382.079,17.186,47.840,4,4,14,1,0004,1.100,13,*4C
$GPYBM,SN00903638,071111.40,+29.674870647,+106.475579008,247.771,161.488,-1.130,-3.841,1.296,-0.001,4.054,3361849.549,-815381.904,16.419,48.103,4,4,14,1,0004,1.099,13,*6C
$GPYBM,SN00903638,071111.60,+29.674863782,+106.475582011,247.771,158.390,0.278,-3.808,1.442,-0.003,4.072,3361848.742,-815381.702,15.658,48.394,4,4,14,1,0004,1.096,13,*4C
$GPYBM,SN00903638,071111.80,+29.674857007,+106.475585393,247.788,155.244,-1.047,-3.758,1.623,-0.077,4.094,3361847.941,-815381.460,14.907,48.722,4,4,14,1,0004,1.096,12,*6D
$GPYBM,SN00903638,071112.00,+29.674850374,+106.475589394,247.807,151.262,-1.661,-3.682,1.915,-0.095,4.150,3361847.149,-815381.156,14.172,49.109,4,4,14,2,0004,1.090,12,*6F
$GPYBM,SN00903638,071112.20,+29.674843959,+106.475593693,247.784,149.289,-2.539,-3.564,2.069,0.099,4.121,3361846.377,-815380.820,13.460,49.525,4,4,14,1,0004,1.098,11,*4F
$GPYBM,SN00903638,071112.40,+29.674837592,+106.475598401,247.750,146.546,-1.355,-3.531,2.264,0.168,4.195,3361845.606,-815380.443,12.755,49.981,4,4,13,1,0004,1.103,11,*4A
$GPYBM,SN00903638,071112.60,+29.674831444,+106.475603508,247.737,144.329,-1.353,-3.416,2.457,0.069,4.208,3361844.855,-815380.024,12.073,50.475,4,4,14,1,0004,1.101,11,*46
$GPYBM,SN00903638,071112.80,+29.674825366,+106.475608930,247.738,140.715,-3.405,-3.372,2.613,0.004,4.266,3361844.109,-815379.573,11.399,51.000,4,4,12,1,0004,1.105,11,*44
$GPYBM,SN00903638,071113.00,+29.674819485,+106.475614776,247.723,138.883,-2.501,-3.267,2.814,0.066,4.312,3361843.379,-815379.078,10.747,51.566,4,4,12,2,0004,1.101,10,*4B
$GPYBM,SN00903638,071113.20,+29.674813802,+106.475620929,247.721,137.242,-2.363,-3.158,2.967,0.014,4.333,3361842.668,-815378.550,10.117,52.162,4,4,11,1,0004,1.100,10,*4C
$GPYBM,SN00903638,071113.40,+29.674808146,+106.475627181,247.701,135.337,-2.161,-3.137,3.022,0.097,4.356,3361841.959,-815378.012,9.490,52.767,4,4,11,1,0004,1.102,10,*71
$GPYBM,SN00903638,071113.60,+29.674802597,+106.475633697,247.695,134.798,-1.532,-3.079,3.145,0.034,4.402,3361841.259,-815377.446,8.875,53.398,4,4,10,1,0004,1.105,10,*79
$GPYBM,SN00903638,071113.80,+29.674797062,+106.475640440,247.688,133.629,-2.012,-3.069,3.255,0.032,4.474,3361840.558,-815376.858,8.262,54.050,4,4,10,1,0004,1.103,10,*78
$GPYBM,SN00903638,071114.00,+29.674791551,+106.475647255,247.674,133.075,-1.534,-3.055,3.295,0.069,4.494,3361839.859,-815376.263,7.651,54.710,4,4,10,2,0004,1.103,10,*77
$GPYBM,SN00903638,071114.20,+29.674785988,+106.475654089,247.692,132.981,-1.570,-3.082,3.307,-0.078,4.520,3361839.153,-815375.667,7.034,55.372,4,4,11,1,0004,1.102,10,*56
$GPYBM,SN00903638,071114.40,+29.674780462,+106.475660997,247.682,132.652,-1.302,-3.064,3.341,0.041,4.533,3361838.451,-815375.062,6.422,56.040,4,4,11,1,0004,1.104,10,*71
$GPYBM,SN00903638,071114.60,+29.674774889,+106.475667945,247.680,132.390,-2.200,-3.087,3.361,0.009,4.564,3361837.744,-815374.455,5.804,56.713,4,4,12,1,0004,1.105,11,*71
$GPYBM,SN00903638,071114.80,+29.674769283,+106.475675021,247.666,132.492,-2.595,-3.106,3.421,0.067,4.620,3361837.031,-815373.835,5.183,57.398,4,4,11,1,0004,1.105,11,*76
$GPYBM,SN00903638,071115.00,+29.674763578,+106.475682169,247.655,132.815,-1.761,-3.158,3.457,0.056,4.682,3361836.306,-815373.210,4.550,58.090,4,4,11,2,0004,1.103,11,*7B
$GPYBM,SN00903638,071115.20,+29.674757755,+106.475689380,247.664,132.957,-2.058,-3.223,3.488,-0.039,4.749,3361835.567,-815372.580,3.905,58.788,4,4,11,1,0004,1.104,11,*55
$GPYBM,SN00903638,071115.40,+29.674751808,+106.475696658,247.648,133.570,-0.942,-3.291,3.520,0.074,4.819,3361834.813,-815371.945,3.245,59.492,4,4,11,1,0004,1.103,11,*76
$GPYBM,SN00903638,071115.60,+29.674745720,+106.475703964,247.647,133.419,-1.245,-3.369,3.535,0.010,4.883,3361834.043,-815371.309,2.571,60.200,4,4,12,1,0004,1.107,11,*78
$GPYBM,SN00903638,071115.80,+29.674739539,+106.475711452,247.646,133.942,-1.046,-3.422,3.618,0.003,4.980,3361833.260,-815370.657,1.885,60.925,4,4,11,1,0004,1.102,11,*7F
$GPYBM,SN00903638,071116.00,+29.674733160,+106.475718999,247.646,134.144,-1.273,-3.527,3.650,0.003,5.076,3361832.455,-815370.001,1.178,61.655,4,4,12,2,0004,1.104,11,*71
$GPYBM,SN00903638,071116.20,+29.674726698,+106.475726648,247.650,134.514,-0.424,-3.578,3.699,-0.021,5.146,3361831.639,-815369.337,0.462,62.396,4,4,12,1,0004,1.104,11,*5A
$GPYBM,SN00903638,071116.40,+29.674720103,+106.475734401,247.665,134.278,-1.702,-3.650,3.749,-0.070,5.232,3361830.807,-815368.664,-0.269,63.146,4,4,12,1,0004,1.103,11,*76
$GPYBM,SN00903638,071116.60,+29.674713456,+106.475742298,247.655,134.697,-0.346,-3.682,3.817,0.042,5.303,3361829.967,-815367.978,-1.006,63.911,4,4,12,1,0004,1.106,11,*56
$GPYBM,SN00903638,071116.80,+29.674706615,+106.475750294,247.668,134.820,-1.345,-3.784,3.866,-0.058,5.410,3361829.105,-815367.284,-1.764,64.685,4,4,12,1,0004,1.105,11,*7B
$GPYBM,SN00903638,071117.00,+29.674699668,+106.475758394,247.667,134.575,-1.701,-3.846,3.917,-0.003,5.489,3361828.229,-815366.582,-2.534,65.469,4,4,11,2,0004,1.101,11,*75
$GPYBM,SN00903638,071117.20,+29.674692688,+106.475766603,247.665,134.380,-1.255,-3.867,3.969,0.011,5.542,3361827.348,-815365.870,-3.308,66.263,4,4,12,1,0004,1.104,11,*54
$GPYBM,SN00903638,071117.40,+29.674685637,+106.475774913,247.674,133.919,-2.364,-3.905,4.019,-0.039,5.604,3361826.458,-815365.148,-4.090,67.068,4,4,11,1,0004,1.104,11,*71
$GPYBM,SN00903638,071117.60,+29.674678613,+106.475783362,247.657,133.881,-1.788,-3.894,4.084,0.075,5.643,3361825.570,-815364.413,-4.868,67.886,4,4,11,1,0004,1.103,11,*5E
$GPYBM,SN00903638,071117.80,+29.674671505,+106.475791959,247.653,133.801,-1.021,-3.937,4.156,0.025,5.724,3361824.670,-815363.664,-5.656,68.718,4,4,11,1,0004,1.104,11,*52
$GPYBM,SN00903638,071118.00,+29.674664342,+106.475800674,247.648,133.608,-0.543,-3.967,4.214,0.023,5.788,3361823.763,-815362.904,-6.450,69.562,4,4,12,2,0004,1.107,11,*58
$GPYBM,SN00903638,071118.20,+29.674657063,+106.475809469,247.668,133.472,-1.924,-4.030,4.254,-0.091,5.860,3361822.842,-815362.138,-7.257,70.413,4,4,12,1,0004,1.105,11,*7D
$GPYBM,SN00903638,071118.40,+29.674649852,+106.475818383,247.657,132.989,-1.804,-3.999,4.310,0.044,5.879,3361821.927,-815361.360,-8.056,71.276,4,4,11,1,0004,1.104,11,*5C
$GPYBM,SN00903638,071118.60,+29.674642659,+106.475827356,247.643,132.934,-1.436,-3.988,4.341,0.067,5.894,3361821.013,-815360.575,-8.854,72.144,4,4,12,1,0004,1.104,11,*59
$GPYBM,SN00903638,071118.80,+29.674635473,+106.475836339,247.647,133.129,-0.968,-3.983,4.348,-0.011,5.896,3361820.100,-815359.789,-9.650,73.014,4,4,12,1,0004,1.105,11,*78
$GPYBM,SN00903638,071119.00,+29.674628206,+106.475845258,247.663,132.808,-1.257,-4.025,4.319,-0.075,5.903,3361819.179,-815359.011,-10.456,73.877,4,4,12,2,0004,1.103,11,*4F
$GPYBM,SN00903638,071119.20,+29.674621004,+106.475854246,247.665,132.204,-2.853,-3.994,4.348,-0.016,5.904,3361818.264,-815358.225,-11.254,74.748,4,4,13,1,0004,1.104,11,*4A
$GPYBM,SN00903638,071119.40,+29.674613888,+106.475863319,247.660,132.332,-1.695,-3.947,4.389,0.024,5.903,3361817.358,-815357.429,-12.043,75.626,4,4,12,1,0004,1.102,11,*6C
$GPYBM,SN00903638,071119.60,+29.674606723,+106.475872413,247.653,132.377,-1.024,-3.969,4.401,0.035,5.926,3361816.446,-815356.632,-12.837,76.506,4,4,12,1,0004,1.103,11,*60
$GPYBM,SN00903638,071119.80,+29.674599637,+106.475881597,247.666,131.631,-2.528,-3.930,4.442,-0.059,5.932,3361815.542,-815355.826,-13.623,77.395,4,4,11,1,0004,1.105,11,*43
$GPYBM,SN00903638,071120.00,+29.674592587,+106.475890803,247.666,131.393,-1.419,-3.909,4.455,-0.003,5.927,3361814.642,-815355.016,-14.404,78.286,4,4,11,2,0004,1.104,11,*4F
$GPYBM,SN00903638,071120.20,+29.674585603,+106.475900159,247.653,130.522,-1.901,-3.874,4.523,0.061,5.955,3361813.747,-815354.191,-15.179,79.192,4,4,11,1,0004,1.103,11,*63
$GPYBM,SN00903638,071120.40,+29.674578752,+106.475909568,247.637,130.214,-1.103,-3.803,4.552,0.078,5.931,3361812.867,-815353.359,-15.938,80.103,4,4,11,1,0004,1.106,11,*60
$GPYBM,SN00903638,071120.60,+29.674571901,+106.475919021,247.630,129.758,-0.987,-3.798,4.573,0.037,5.945,3361811.986,-815352.523,-16.697,81.018,4,4,11,1,0004,1.102,11,*6B
$GPYBM,SN00903638,071120.80,+29.674565127,+106.475928588,247.633,128.926,-1.654,-3.757,4.627,-0.012,5.960,3361811.113,-815351.674,-17.448,81.944,4,4,12,1,0004,1.105,11,*42
$GPYBM,SN00903638,071121.00,+29.674558402,+106.475938211,247.638,128.049,-1.126,-3.730,4.656,-0.024,5.965,3361810.244,-815350.820,-18.194,82.876,4,4,12,2,0004,1.102,11,*4D
$GPYBM,SN00903638,071121.20,+29.674551850,+106.475948100,247.614,128.642,-0.131,-3.638,4.777,0.112,6.005,3361809.392,-815349.936,-18.920,83.833,4,4,12,1,0004,1.105,11,*6C
$GPYBM,SN00903638,071121.40,+29.674545292,+106.475958120,247.602,126.721,-2.396,-3.635,4.845,0.062,6.057,3361808.538,-815349.040,-19.647,84.803,4,4,10,1,0004,1.107,10,*6F
$GPYBM,SN00903638,071121.60,+29.674538826,+106.475968177,247.582,127.164,-1.167,-3.587,4.866,0.097,6.045,3361807.693,-815348.140,-20.364,85.776,4,4,11,1,0004,1.105,10,*6F
$GPYBM,SN00903638,071121.80,+29.674532297,+106.475978204,247.593,126.455,-1.793,-3.616,4.854,-0.043,6.053,3361806.842,-815347.243,-21.087,86.747,4,4,10,1,0004,1.106,10,*4F
$GPYBM,SN00903638,071122.00,+29.674525779,+106.475988266,247.603,126.149,-2.561,-3.613,4.869,-0.050,6.063,3361805.991,-815346.342,-21.810,87.721,4,4,9,2,0004,1.106,9,*41
$GPYBM,SN00903638,071122.20,+29.674519338,+106.475998480,247.578,126.070,-1.933,-3.573,4.938,0.112,6.095,3361805.148,-815345.426,-22.524,88.710,4,4,10,1,0004,1.111,9,*5E
$GPYBM,SN00903638,071122.40,+29.674512878,+106.476008754,247.564,126.509,-0.695,-3.580,4.971,0.072,6.126,3361804.302,-815344.503,-23.240,89.705,4,4,9,1,0004,1.104,9,*69
$GPYBM,SN00903638,071122.60,+29.674506342,+106.476018929,247.572,126.193,-1.165,-3.620,4.928,-0.030,6.114,3361803.448,-815343.592,-23.965,90.689,4,4,10,1,0004,1.108,9,*7B
$GPYBM,SN00903638,071122.80,+29.674499841,+106.476029245,247.576,126.504,-1.698,-3.604,4.989,-0.022,6.155,3361802.596,-815342.666,-24.685,91.688,4,4,9,1,0004,1.109,9,*4C
$GPYBM,SN00903638,071123.00,+29.674493243,+106.476039441,247.570,127.176,-0.922,-3.653,4.939,0.027,6.143,3361801.735,-815341.753,-25.417,92.675,4,4,9,2,0004,1.106,9,*62
$GPYBM,SN00903638,071123.20,+29.674486574,+106.476049588,247.567,127.171,-1.501,-3.694,4.913,0.017,6.147,3361800.867,-815340.847,-26.156,93.657,4,4,9,1,0004,1.104,9,*6C
$GPYBM,SN00903638,071123.40,+29.674479837,+106.476059757,247.569,127.909,-1.285,-3.731,4.921,-0.012,6.176,3361799.990,-815339.938,-26.903,94.642,4,4,10,1,0004,1.103,9,*73
$GPYBM,SN00903638,071123.60,+29.674472949,+106.476069786,247.574,128.540,-2.484,-3.812,4.859,-0.021,6.176,3361799.099,-815339.046,-27.666,95.613,4,4,9,1,0004,1.107,9,*4F
$GPYBM,SN00903638,071123.80,+29.674465873,+106.476079742,247.568,129.931,-2.019,-3.914,4.821,0.024,6.210,3361798.187,-815338.163,-28.451,96.576,4,4,9,1,0004,1.106,9,*60
$GPYBM,SN00903638,071124.00,+29.674458662,+106.476089589,247.561,130.925,-2.409,-3.991,4.770,0.037,6.219,3361797.261,-815337.293,-29.250,97.530,4,4,10,2,0004,1.107,9,*51
$GPYBM,SN00903638,071124.20,+29.674451197,+106.476099191,247.557,132.338,-1.660,-4.127,4.656,0.020,6.222,3361796.309,-815336.450,-30.077,98.459,4,4,10,1,0004,1.102,9,*53
$GPYBM,SN00903638,071124.40,+29.674443551,+106.476108583,247.560,133.569,-2.171,-4.230,4.554,-0.011,6.215,3361795.340,-815335.631,-30.925,99.368,4,4,9,1,0004,1.105,9,*47
$GPYBM,SN00903638,071124.60,+29.674435699,+106.476117821,247.554,135.028,-1.059,-4.344,4.477,0.027,6.238,3361794.349,-815334.829,-31.795,100.263,4,4,9,1,0004,1.103,9,*53
$GPYBM,SN00903638,071124.80,+29.674427704,+106.476126860,247.557,136.492,-0.413,-4.425,4.382,-0.015,6.228,3361793.345,-815334.048,-32.682,101.138,4,4,9,1,0004,1.103,9,*7E
$GPYBM,SN00903638,071125.00,+29.674419456,+106.476135640,247.582,137.376,-2.119,-4.561,4.259,-0.116,6.240,3361792.315,-815333.297,-33.596,101.988,4,4,10,2,0004,1.102,9,*4E
$GPYBM,SN00903638,071125.20,+29.674411061,+106.476144240,247.575,138.778,-2.049,-4.647,4.169,0.025,6.243,3361791.270,-815332.565,-34.527,102.820,4,4,10,1,0004,1.104,9,*65
$GPYBM,SN00903638,071125.40,+29.674402527,+106.476152689,247.574,139.875,-0.933,-4.724,4.095,0.004,6.252,3361790.212,-815331.850,-35.473,103.638,4,4,10,1,0004,1.107,9,*68
$GPYBM,SN00903638,071125.60,+29.674393829,+106.476160953,247.587,140.486,-1.148,-4.814,4.007,-0.060,6.263,3361789.138,-815331.155,-36.437,104.438,4,4,10,1,0004,1.103,9,*4F
$GPYBM,SN00903638,071125.80,+29.674385082,+106.476169129,247.599,141.040,-0.869,-4.846,3.961,-0.059,6.258,3361788.059,-815330.469,-37.406,105.229,4,4,9,1,0004,1.102,9,*72
$GPYBM,SN00903638,071126.00,+29.674376261,+106.476177245,247.610,141.280,-1.601,-4.886,3.931,-0.055,6.271,3361786.972,-815329.790,-38.384,106.015,4,4,9,2,0004,1.101,9,*70
$GPYBM,SN00903638,071126.20,+29.674367403,+106.476185317,247.599,141.670,-0.707,-4.908,3.909,0.050,6.274,3361785.882,-815329.116,-39.366,106.797,4,4,10,1,0004,1.102,9,*68
$GPYBM,SN00903638,071126.40,+29.674358471,+106.476193323,247.613,141.752,-1.219,-4.947,3.878,-0.061,6.286,3361784.784,-815328.450,-40.356,107.572,4,4,11,1,0004,1.103,9,*49
$GPYBM,SN00903638,071126.60,+29.674349500,+106.476201286,247.628,141.812,-0.873,-4.970,3.856,-0.074,6.290,3361783.682,-815327.788,-41.351,108.342,4,4,10,1,0004,1.100,10,*7A
$GPYBM,SN00903638,071126.80,+29.674340603,+106.476209327,247.636,141.445,-0.260,-4.934,3.889,-0.040,6.283,3361782.588,-815327.118,-42.337,109.121,4,4,11,1,0004,1.105,10,*77
$GPYBM,SN00903638,071127.00,+29.674331679,+106.476217492,247.663,141.061,-2.578,-4.947,3.946,-0.131,6.328,3361781.489,-815326.436,-43.326,109.911,4,4,10,2,0004,1.101,10,*7B
$GPYBM,SN00903638,071127.20,+29.674322826,+106.476225714,247.668,141.013,-0.295,-4.909,3.977,-0.034,6.318,3361780.398,-815325.747,-44.307,110.707,4,4,11,1,0004,1.105,10,*77
$GPYBM,SN00903638,071127.40,+29.674314037,+106.476234079,247.701,140.395,-2.006,-4.874,4.044,-0.154,6.333,3361779.312,-815325.044,-45.282,111.517,4,4,11,1,0004,1.100,10,*79
$GPYBM,SN00903638,071127.60,+29.674305382,+106.476242633,247.667,140.364,-0.493,-4.803,4.133,0.148,6.336,3361778.239,-815324.320,-46.241,112.345,4,4,11,1,0004,1.103,10,*5A
$GPYBM,SN00903638,071127.80,+29.674296624,+106.476251112,247.684,139.525,-1.202,-4.851,4.106,-0.070,6.355,3361777.155,-815323.605,-47.212,113.166,4,4,11,1,0004,1.106,9,*47
$GPYBM,SN00903638,071128.00,+29.674288066,+106.476259843,247.691,138.666,-1.204,-4.751,4.218,-0.039,6.353,3361776.091,-815322.862,-48.161,114.011,4,4,11,2,0004,1.102,9,*4A
$GPYBM,SN00903638,071128.20,+29.674279457,+106.476268503,247.680,138.506,-1.674,-4.770,4.194,0.051,6.351,3361775.022,-815322.127,-49.115,114.849,4,4,11,1,0004,1.104,10,*51
$GPYBM,SN00903638,071128.40,+29.674271000,+106.476277283,247.680,138.204,-1.324,-4.693,4.246,0.001,6.328,3361773.968,-815321.378,-50.052,115.699,4,4,11,1,0004,1.103,10,*53
$GPYBM,SN00903638,071128.60,+29.674262633,+106.476285911,247.695,137.464,-1.334,-4.641,4.181,-0.069,6.247,3361772.927,-815320.643,-50.980,116.534,4,4,12,1,0004,1.105,10,*7C
$GPYBM,SN00903638,071128.80,+29.674254503,+106.476294628,247.696,137.012,-2.042,-4.516,4.217,-0.012,6.179,3361771.911,-815319.896,-51.881,117.378,4,4,11,1,0004,1.104,10,*7C
$GPYBM,SN00903638,071129.00,+29.674246544,+106.476303207,247.690,136.718,-1.098,-4.419,4.157,0.029,6.067,3361770.916,-815319.161,-52.763,118.209,4,4,11,2,0004,1.106,10,*51
$GPYBM,SN00903638,071129.20,+29.674238691,+106.476311644,247.702,136.434,-0.800,-4.357,4.089,-0.056,5.975,3361769.934,-815318.437,-53.634,119.026,4,4,11,1,0004,1.103,10,*78
$GPYBM,SN00903638,071129.40,+29.674231039,+106.476319970,247.718,135.447,-2.331,-4.250,4.034,-0.078,5.860,3361768.976,-815317.722,-54.482,119.832,4,4,11,1,0004,1.105,10,*71
$GPYBM,SN00903638,071129.60,+29.674223662,+106.476328404,247.707,135.269,-2.303,-4.100,4.079,0.050,5.783,3361768.048,-815316.993,-55.300,120.648,4,4,12,1,0004,1.101,11,*59
$GPYBM,SN00903638,071129.80,+29.674216370,+106.476336638,247.713,135.609,-2.049,-4.045,3.992,-0.029,5.684,3361767.132,-815316.282,-56.108,121.445,4,4,11,1,0004,1.107,11,*7B
$GPYBM,SN00903638,071130.00,+29.674209262,+106.476344649,247.715,134.780,-1.747,-3.947,3.886,-0.011,5.539,3361766.240,-815315.591,-56.896,122.221,4,4,11,2,0004,1.100,11,*73
$GPYBM,SN00903638,071130.20,+29.674202502,+106.476352557,247.705,134.795,-1.447,-3.761,3.832,0.050,5.369,3361765.387,-815314.905,-57.645,122.986,4,4,11,1,0004,1.105,11,*50
$GPYBM,SN00903638,071130.40,+29.674195780,+106.476360374,247.706,134.380,-1.821,-3.728,3.787,-0.004,5.314,3361764.540,-815314.228,-58.390,123.743,4,4,11,1,0004,1.104,11,*7D
$GPYBM,SN00903638,071130.60,+29.674189237,+106.476367983,247.717,134.168,-1.332,-3.634,3.690,-0.051,5.179,3361763.715,-815313.568,-59.116,124.480,4,4,11,1,0004,1.105,11,*77
$GPYBM,SN00903638,071130.80,+29.674182966,+106.476375510,247.719,134.188,-1.414,-3.487,3.646,-0.013,5.045,3361762.922,-815312.913,-59.811,125.208,4,4,11,1,0004,1.105,11,*71
$GPYBM,SN00903638,071131.00,+29.674176781,+106.476382862,247.718,134.203,-1.771,-3.432,3.565,0.005,4.949,3361762.141,-815312.274,-60.497,125.920,4,4,11,2,0004,1.103,11,*5C
$GPYBM,SN00903638,071131.20,+29.674170772,+106.476390036,247.716,134.195,-1.215,-3.337,3.479,0.009,4.821,3361761.382,-815311.650,-61.163,126.614,4,4,11,1,0004,1.102,11,*5F
$GPYBM,SN00903638,071131.40,+29.674164886,+106.476397067,247.707,134.016,-0.164,-3.268,3.408,0.041,4.722,3361760.638,-815311.039,-61.815,127.295,4,4,12,1,0004,1.104,11,*55
$GPYBM,SN00903638,071131.60,+29.674159022,+106.476404146,247.695,133.857,-0.183,-3.251,3.425,0.059,4.722,3361759.896,-815310.422,-62.465,127.980,4,4,12,1,0004,1.104,11,*5D
$GPYBM,SN00903638,071131.80,+29.674153059,+106.476411265,247.721,133.594,-1.406,-3.301,3.445,-0.117,4.771,3361759.142,-815309.803,-63.126,128.669,4,4,12,1,0004,1.101,11,*72
$GPYBM,SN00903638,071132.00,+29.674147139,+106.476418452,247.714,133.225,-1.152,-3.283,3.476,0.025,4.781,3361758.392,-815309.177,-63.782,129.365,4,4,12,2,0004,1.105,11,*55
$GPYBM,SN00903638,071132.20,+29.674141254,+106.476425767,247.712,133.878,-0.485,-3.263,3.536,0.012,4.811,3361757.645,-815308.538,-64.435,130.073,4,4,12,1,0004,1.103,11,*5E
$GPYBM,SN00903638,071132.40,+29.674135261,+106.476433016,247.720,133.602,-1.287,-3.318,3.511,-0.037,4.830,3361756.887,-815307.906,-65.099,130.775,4,4,12,1,0004,1.104,11,*77
$GPYBM,SN00903638,071132.60,+29.674129296,+106.476440415,247.713,134.437,0.519,-3.307,3.576,0.029,4.871,3361756.130,-815307.260,-65.760,131.491,4,4,11,1,0004,1.100,11,*74
$GPYBM,SN00903638,071132.80,+29.674123231,+106.476447707,247.741,133.735,-0.502,-3.358,3.533,-0.130,4.874,3361755.362,-815306.625,-66.433,132.197,4,4,11,1,0004,1.105,11,*77
$GPYBM,SN00903638,071133.00,+29.674117146,+106.476455187,247.745,133.039,-1.284,-3.372,3.614,-0.024,4.943,3361754.591,-815305.972,-67.107,132.921,4,4,11,2,0004,1.104,11,*7E
$GPYBM,SN00903638,071133.20,+29.674111111,+106.476462728,247.747,132.870,-1.323,-3.347,3.647,-0.013,4.950,3361753.824,-815305.312,-67.776,133.651,4,4,12,1,0004,1.107,11,*71
$GPYBM,SN00903638,071133.40,+29.674105054,+106.476470260,247.759,132.482,-1.917,-3.357,3.646,-0.057,4.956,3361753.055,-815304.654,-68.448,134.380,4,4,12,1,0004,1.104,11,*79
$GPYBM,SN00903638,071133.60,+29.674099174,+106.476477749,247.744,132.210,-1.784,-3.266,3.626,0.064,4.880,3361752.307,-815303.997,-69.099,135.105,4,4,11,1,0004,1.109,11,*59
$GPYBM,SN00903638,071133.80,+29.674093270,+106.476485110,247.751,132.555,-1.864,-3.272,3.568,-0.025,4.841,3361751.557,-815303.354,-69.754,135.818,4,4,12,1,0004,1.104,11,*7F
$GPYBM,SN00903638,071134.00,+29.674087448,+106.476492384,247.734,132.868,-0.192,-3.230,3.524,0.074,4.780,3361750.817,-815302.718,-70.399,136.522,4,4,13,2,0004,1.104,11,*58
$GPYBM,SN00903638,071134.20,+29.674081664,+106.476499615,247.758,132.872,-1.439,-3.207,3.502,-0.103,4.749,3361750.082,-815302.085,-71.040,137.222,4,4,13,1,0004,1.103,11,*78
$GPYBM,SN00903638,071134.40,+29.674075892,+106.476506702,247.741,133.647,0.020,-3.200,3.435,0.070,4.695,3361749.351,-815301.467,-71.680,137.908,4,4,13,1,0004,1.105,12,*7B
$GPYBM,SN00903638,071134.60,+29.674070089,+106.476513713,247.765,134.011,-0.772,-3.215,3.396,-0.105,4.677,3361748.616,-815300.856,-72.323,138.587,4,4,13,1,0004,1.105,12,*78
$GPYBM,SN00903638,071134.80,+29.674064274,+106.476520560,247.759,134.966,-1.029,-3.222,3.320,0.019,4.627,3361747.882,-815300.262,-72.968,139.250,4,4,12,1,0004,1.102,12,*58
$GPYBM,SN00903638,071135.00,+29.674058418,+106.476527157,247.760,136.073,-0.730,-3.244,3.202,-0.004,4.558,3361747.147,-815299.692,-73.617,139.888,4,4,12,2,0004,1.105,12,*72
$GPYBM,SN00903638,071135.20,+29.674052487,+106.476533622,247.777,137.501,0.140,-3.284,3.134,-0.080,4.540,3361746.404,-815299.137,-74.274,140.514,4,4,12,1,0004,1.106,12,*53
$GPYBM,SN00903638,071135.40,+29.674046400,+106.476539920,247.802,138.536,-1.838,-3.367,3.054,-0.123,4.546,3361745.646,-815298.600,-74.949,141.124,4,4,12,1,0004,1.100,12,*71
$GPYBM,SN00903638,071135.60,+29.674040307,+106.476545930,247.786,139.639,-1.771,-3.377,2.919,0.066,4.464,3361744.891,-815298.092,-75.625,141.706,4,4,12,1,0004,1.103,12,*56
$GPYBM,SN00903638,071135.80,+29.674034250,+106.476551814,247.781,141.785,-1.162,-3.359,2.853,0.032,4.407,3361744.141,-815297.595,-76.296,142.275,4,4,12,1,0004,1.105,12,*55
$GPYBM,SN00903638,071136.00,+29.674027999,+106.476557190,247.794,143.184,-1.195,-3.457,2.620,-0.059,4.338,3361743.376,-815297.151,-76.989,142.796,4,4,12,2,0004,1.104,12,*72
$GPYBM,SN00903638,071136.20,+29.674021724,+106.476562328,247.803,145.378,-1.477,-3.476,2.496,-0.049,4.280,3361742.610,-815296.731,-77.685,143.293,4,4,12,1,0004,1.102,12,*7A
$GPYBM,SN00903638,071136.40,+29.674015425,+106.476567104,247.803,147.215,-0.512,-3.491,2.325,-0.003,4.194,3361741.846,-815296.346,-78.383,143.755,4,4,12,1,0004,1.105,12,*7B
$GPYBM,SN00903638,071136.60,+29.674009022,+106.476571655,247.809,149.375,-0.980,-3.545,2.211,-0.026,4.178,3361741.073,-815295.985,-79.093,144.196,4,4,12,1,0004,1.101,13,*7C
$GPYBM,SN00903638,071136.80,+29.674002657,+106.476575752,247.815,151.632,-0.457,-3.529,1.999,-0.029,4.056,3361740.310,-815295.668,-79.798,144.593,4,4,12,1,0004,1.102,13,*7F
$GPYBM,SN00903638,071137.00,+29.673996236,+106.476579503,247.832,154.186,-0.814,-3.557,1.828,-0.083,3.999,3361739.544,-815295.386,-80.510,144.956,4,4,12,2,0004,1.100,13,*7C
$GPYBM,SN00903638,071137.20,+29.673989792,+106.476582741,247.828,156.841,-0.500,-3.570,1.586,0.013,3.907,3361738.782,-815295.154,-81.224,145.269,4,4,13,1,0004,1.099,14,*50
$GPYBM,SN00903638,071137.40,+29.673983325,+106.476585553,247.839,159.991,-0.076,-3.584,1.377,-0.049,3.839,3361738.022,-815294.965,-81.941,145.541,4,4,13,1,0004,1.104,14,*7E
$GPYBM,SN00903638,071137.60,+29.673976889,+106.476587945,247.847,162.778,-1.367,-3.568,1.173,-0.040,3.756,3361737.270,-815294.816,-82.655,145.773,4,4,13,1,0004,1.102,14,*70
$GPYBM,SN00903638,071137.80,+29.673970530,+106.476589899,247.846,166.265,-1.424,-3.528,0.962,-0.001,3.656,3361736.532,-815294.709,-83.359,145.962,4,4,13,1,0004,1.102,14,*7B
$GPYBM,SN00903638,071138.00,+29.673964191,+106.476591218,247.851,169.551,-0.919,-3.514,0.661,-0.022,3.576,3361735.804,-815294.665,-84.062,146.090,4,4,13,2,0004,1.107,14,*79
$GPYBM,SN00903638,071138.20,+29.673957884,+106.476592123,247.845,173.245,0.452,-3.497,0.454,0.027,3.526,3361735.085,-815294.660,-84.761,146.177,4,4,13,1,0004,1.106,14,*74
$GPYBM,SN00903638,071138.40,+29.673951651,+106.476592675,247.845,177.170,0.737,-3.458,0.280,0.003,3.469,3361734.377,-815294.689,-85.452,146.231,4,4,14,1,0004,1.101,13,*7B
$GPYBM,SN00903638,071138.60,+29.673945581,+106.476592493,247.849,181.857,0.481,-3.371,-0.062,-0.019,3.372,3361733.697,-815294.789,-86.125,146.213,4,4,14,1,0004,1.106,12,*76
$GPYBM,SN00903638,071138.80,+29.673939604,+106.476591634,247.832,186.733,-0.041,-3.317,-0.391,0.077,3.340,3361733.035,-815294.953,-86.788,146.130,4,4,13,1,0004,1.105,12,*79
$GPYBM,SN00903638,071139.00,+29.673933738,+106.476590406,247.848,192.122,-0.622,-3.256,-0.580,-0.071,3.307,3361732.390,-815295.152,-87.438,146.011,4,4,12,2,0004,1.102,12,*5A
$GPYBM,SN00903638,071139.20,+29.673928073,+106.476588716,247.858,196.702,-0.755,-3.148,-0.801,-0.047,3.249,3361731.773,-815295.394,-88.066,145.848,4,4,14,1,0004,1.105,11,*53
$GPYBM,SN00903638,071139.40,+29.673922681,+106.476586392,247.849,201.094,0.051,-3.000,-1.102,0.038,3.196,3361731.194,-815295.694,-88.664,145.623,4,4,14,1,0004,1.097,12,*5F
$GPYBM,SN00903638,071139.60,+29.673917487,+106.476583684,247.879,205.518,-0.919,-2.887,-1.296,-0.139,3.165,3361730.642,-815296.030,-89.239,145.361,4,4,13,1,0004,1.102,12,*5D
$GPYBM,SN00903638,071139.80,+29.673912479,+106.476580441,247.859,208.395,-0.609,-2.784,-1.551,0.086,3.186,3361730.116,-815296.415,-89.794,145.047,4,4,14,1,0004,1.100,12,*7D
$GPYBM,SN00903638,071140.00,+29.673907687,+106.476577074,247.865,211.570,0.973,-2.665,-1.624,-0.023,3.121,3361729.617,-815296.810,-90.326,144.721,4,4,14,2,0004,1.091,12,*7D
$GPYBM,SN00903638,071140.20,+29.673903145,+106.476573584,247.872,215.295,0.530,-2.528,-1.685,-0.034,3.038,3361729.147,-815297.213,-90.829,144.383,4,4,15,1,0004,1.098,12,*7E
$GPYBM,SN00903638,071140.40,+29.673898776,+106.476569705,247.864,218.243,-0.490,-2.426,-1.869,0.042,3.063,3361728.701,-815297.653,-91.314,144.007,4,4,15,1,0004,1.117,12,*73
$GPYBM,SN00903638,071140.60,+29.673894449,+106.476565545,247.861,219.779,-0.017,-2.399,-2.006,0.024,3.127,3361728.264,-815298.119,-91.793,143.605,4,4,14,1,0004,1.106,12,*72
$GPYBM,SN00903638,071140.80,+29.673890289,+106.476561468,247.882,221.028,-0.232,-2.311,-1.978,-0.089,3.042,3361727.844,-815298.575,-92.254,143.210,4,4,13,1,0004,1.094,12,*5A
$GPYBM,SN00903638,071141.00,+29.673886360,+106.476557182,247.887,222.714,-1.162,-2.186,-2.070,-0.025,3.010,3361727.452,-815299.048,-92.690,142.795,4,4,13,2,0004,1.102,12,*59
$GPYBM,SN00903638,071141.20,+29.673882492,+106.476553188,247.899,224.876,-3.956,-2.147,-1.943,-0.057,2.895,3361727.064,-815299.492,-93.119,142.408,4,4,14,1,0004,1.105,12,*53
$GPYBM,SN00903638,071141.40,+29.673878865,+106.476548995,247.871,224.036,-3.264,-2.020,-2.023,0.127,2.859,3361726.705,-815299.952,-93.521,142.003,4,4,14,1,0004,1.100,12,*78
$GPYBM,SN00903638,071141.60,+29.673875447,+106.476545027,247.831,223.407,0.606,-1.903,-1.928,0.194,2.709,3361726.367,-815300.388,-93.900,141.618,4,4,14,1,0004,1.103,12,*5A
$GPYBM,SN00903638,071141.80,+29.673872071,+106.476541285,247.833,224.552,-0.642,-1.873,-1.820,0.007,2.612,3361726.031,-815300.800,-94.274,141.256,4,4,14,1,0004,1.094,14,*79
$GPYBM,SN00903638,071142.00,+29.673868922,+106.476537866,247.859,224.658,-3.490,-1.755,-1.666,-0.124,2.420,3361725.717,-815301.178,-94.623,140.925,4,4,14,2,0004,1.108,14,*5A
$GPYBM,SN00903638,071142.20,+29.673865916,+106.476534533,247.861,224.231,-1.068,-1.672,-1.617,-0.016,2.326,3361725.418,-815301.546,-94.956,140.603,4,4,14,1,0004,1.115,12,*54
$GPYBM,SN00903638,071142.40,+29.673862844,+106.476531039,247.846,224.118,0.258,-1.701,-1.686,0.067,2.395,3361725.114,-815301.930,-95.297,140.264,4,4,13,1,0004,1.078,11,*5F
$GPYBM,SN00903638,071142.60,+29.673859837,+106.476527742,247.856,224.918,-2.495,-1.669,-1.602,-0.041,2.314,3361724.814,-815302.294,-95.630,139.945,4,4,12,1,0004,1.078,10,*5E
$GPYBM,SN00903638,071142.80,+29.673857049,+106.476524513,247.862,224.652,-1.788,-1.554,-1.566,-0.029,2.206,3361724.539,-815302.648,-95.939,139.633,4,4,13,1,0004,1.098,10,*50
$GPYBM,SN00903638,071143.00,+29.673854323,+106.476521332,247.842,224.427,-0.024,-1.515,-1.541,0.091,2.160,3361724.269,-815302.997,-96.241,139.325,4,4,12,2,0004,1.105,10,*77
$GPYBM,SN00903638,071143.20,+29.673851505,+106.476518151,247.865,224.965,-2.322,-1.559,-1.539,-0.102,2.191,3361723.990,-815303.347,-96.554,139.017,4,4,12,1,0004,1.100,10,*52
$GPYBM,SN00903638,071143.40,+29.673848688,+106.476514860,247.842,224.742,-0.998,-1.561,-1.589,0.100,2.227,3361723.712,-815303.708,-96.866,138.698,4,4,13,1,0004,1.094,10,*71
$GPYBM,SN00903638,071143.60,+29.673845745,+106.476511566,247.842,224.287,0.838,-1.626,-1.594,0.011,2.277,3361723.419,-815304.071,-97.192,138.379,4,4,12,1,0004,1.097,11,*5E
$GPYBM,SN00903638,071143.80,+29.673842693,+106.476508136,247.853,224.467,-0.454,-1.687,-1.655,-0.052,2.364,3361723.116,-815304.448,-97.530,138.047,4,4,13,1,0004,1.094,12,*5C
$GPYBM,SN00903638,071144.00,+29.673839611,+106.476504649,247.863,223.501,0.404,-1.708,-1.685,-0.048,2.399,3361722.810,-815304.832,-97.872,137.710,4,4,13,2,0004,1.090,12,*70
$GPYBM,SN00903638,071144.20,+29.673836408,+106.476501066,247.871,224.380,-0.138,-1.771,-1.731,-0.040,2.476,3361722.492,-815305.226,-98.227,137.363,4,4,12,1,0004,1.100,12,*5C
$GPYBM,SN00903638,071144.40,+29.673832947,+106.476497521,247.891,224.958,-1.325,-1.908,-1.717,-0.096,2.566,3361722.145,-815305.621,-98.611,137.020,4,4,13,1,0004,1.108,12,*51
$GPYBM,SN00903638,071144.60,+29.673829384,+106.476493430,247.892,224.997,-1.983,-1.970,-1.962,-0.011,2.780,3361721.792,-815306.070,-99.006,136.624,4,4,13,1,0004,1.100,12,*5D
$GPYBM,SN00903638,071144.80,+29.673825656,+106.476489045,247.858,224.851,-1.102,-2.060,-2.111,0.156,2.950,3361721.424,-815306.551,-99.419,136.199,4,4,13,1,0004,1.103,12,*7C
$GPYBM,SN00903638,071145.00,+29.673821630,+106.476484504,247.863,223.946,-0.627,-2.219,-2.192,-0.013,3.119,3361721.024,-815307.050,-99.865,135.760,4,4,13,2,0004,1.097,12,*51
$GPYBM,SN00903638,071145.20,+29.673817272,+106.476479662,247.855,224.028,-0.483,-2.402,-2.333,0.037,3.349,3361720.591,-815307.584,-100.349,135.291,4,4,13,1,0004,1.100,12,*46
$GPYBM,SN00903638,071145.40,+29.673812612,+106.476474547,247.855,223.831,-0.955,-2.570,-2.466,-0.001,3.562,3361720.127,-815308.149,-100.865,134.796,4,4,12,1,0004,1.096,12,*61
$GPYBM,SN00903638,071145.60,+29.673807760,+106.476469065,247.847,222.663,0.953,-2.681,-2.640,0.037,3.762,3361719.646,-815308.752,-101.403,134.265,4,4,13,1,0004,1.092,11,*6F
$GPYBM,SN00903638,071145.80,+29.673802537,+106.476463547,247.874,222.198,1.160,-2.880,-2.669,-0.121,3.926,3361719.123,-815309.364,-101.982,133.731,4,4,12,1,0004,1.088,11,*49
$GPYBM,SN00903638,071146.00,+29.673797127,+106.476457865,247.889,224.308,0.654,-2.990,-2.744,-0.079,4.059,3361718.581,-815309.994,-102.582,133.181,4,4,12,2,0004,1.110,10,*4C
$GPYBM,SN00903638,071146.20,+29.673791660,+106.476451560,247.855,223.495,-0.889,-3.028,-3.030,0.154,4.284,3361718.040,-815310.686,-103.188,132.571,4,4,12,1,0004,1.092,11,*4B
$GPYBM,SN00903638,071146.40,+29.673785953,+106.476445351,247.868,223.531,1.443,-3.153,-3.007,-0.051,4.357,3361717.471,-815311.372,-103.820,131.970,4,4,14,1,0004,1.101,13,*42
$GPYBM,SN00903638,071146.60,+29.673780072,+106.476438990,247.849,223.129,1.275,-3.252,-3.074,0.087,4.475,3361716.884,-815312.075,-104.472,131.354,4,4,13,1,0004,1.101,12,*6E
$GPYBM,SN00903638,071146.80,+29.673773930,+106.476432522,247.855,222.856,-3.213,-3.394,-3.127,-0.023,4.615,3361716.270,-815312.793,-105.153,130.728,4,4,12,1,0004,1.090,12,*6A
$GPYBM,SN00903638,071147.00,+29.673767659,+106.476425933,247.862,222.444,-3.028,-3.470,-3.185,-0.032,4.710,3361715.642,-815313.523,-105.848,130.090,4,4,11,2,0004,1.089,11,*6E
$GPYBM,SN00903638,071147.20,+29.673761230,+106.476419257,247.871,221.863,-1.215,-3.557,-3.228,-0.047,4.803,3361714.997,-815314.265,-106.561,129.444,4,4,11,1,0004,1.093,11,*62
$GPYBM,SN00903638,071147.40,+29.673754575,+106.476412525,247.880,222.355,-0.546,-3.679,-3.256,-0.044,4.913,3361714.327,-815315.015,-107.299,128.792,4,4,12,1,0004,1.104,10,*6B
$GPYBM,SN00903638,071147.60,+29.673747647,+106.476405844,247.910,221.655,-0.265,-3.829,-3.236,-0.143,5.013,3361713.627,-815315.764,-108.067,128.145,4,4,12,1,0004,1.101,10,*68
$GPYBM,SN00903638,071147.80,+29.673740806,+106.476398790,247.874,221.310,-0.338,-3.794,-3.401,0.157,5.096,3361712.940,-815316.548,-108.825,127.462,4,4,11,1,0004,1.099,10,*4D
$GPYBM,SN00903638,071148.00,+29.673733688,+106.476391682,247.887,221.160,-1.327,-3.935,-3.438,-0.048,5.225,3361712.223,-815317.341,-109.614,126.774,4,4,11,2,0004,1.096,10,*68
$GPYBM,SN00903638,071148.20,+29.673726488,+106.476384477,247.890,221.349,-0.413,-3.987,-3.484,-0.016,5.294,3361711.498,-815318.145,-110.412,126.077,4,4,12,1,0004,1.101,11,*6B
$GPYBM,SN00903638,071148.40,+29.673719160,+106.476377180,247.876,221.048,-0.516,-4.056,-3.530,0.056,5.377,3361710.759,-815318.959,-111.224,125.370,4,4,11,1,0004,1.102,11,*4B
$GPYBM,SN00903638,071148.60,+29.673711656,+106.476369742,247.882,220.892,-0.800,-4.152,-3.595,-0.024,5.492,3361710.002,-815319.790,-112.056,124.650,4,4,11,1,0004,1.099,11,*67
$GPYBM,SN00903638,071148.80,+29.673704063,+106.476362225,247.884,221.114,-0.471,-4.205,-3.635,-0.008,5.558,3361709.237,-815320.630,-112.898,123.923,4,4,11,1,0004,1.102,11,*61
$GPYBM,SN00903638,071149.00,+29.673696426,+106.476354563,247.885,221.383,-0.697,-4.231,-3.704,-0.006,5.623,3361708.468,-815321.484,-113.745,123.181,4,4,11,2,0004,1.103,11,*68
$GPYBM,SN00903638,071149.20,+29.673688667,+106.476346782,247.874,221.819,-0.015,-4.296,-3.762,0.053,5.710,3361707.686,-815322.352,-114.605,122.428,4,4,11,1,0004,1.101,11,*41
$GPYBM,SN00903638,071149.40,+29.673680870,+106.476338798,247.889,221.683,-0.437,-4.320,-3.857,-0.070,5.791,3361706.903,-815323.240,-115.469,121.655,4,4,11,1,0004,1.102,11,*6F
$GPYBM,SN00903638,071149.60,+29.673672985,+106.476330742,247.896,222.145,-0.614,-4.367,-3.897,-0.035,5.853,3361706.111,-815324.137,-116.343,120.875,4,4,12,1,0004,1.099,10,*67
$GPYBM,SN00903638,071149.80,+29.673665050,+106.476322613,247.900,222.656,-0.586,-4.396,-3.932,-0.023,5.897,3361705.314,-815325.041,-117.223,120.088,4,4,10,1,0004,1.103,10,*6D
$GPYBM,SN00903638,071150.00,+29.673657096,+106.476314195,247.899,223.170,-1.264,-4.408,-4.065,0.007,5.996,3361704.518,-815325.974,-118.104,119.273,4,4,10,2,0004,1.102,10,*47
$GPYBM,SN00903638,071150.20,+29.673649066,+106.476305570,247.908,223.101,-0.559,-4.448,-4.167,-0.044,6.095,3361703.716,-815326.929,-118.995,118.438,4,4,10,1,0004,1.103,10,*63
$GPYBM,SN00903638,071150.40,+29.673641037,+106.476297084,247.910,223.106,-0.416,-4.450,-4.112,-0.012,6.059,3361702.913,-815327.869,-119.885,117.617,4,4,11,1,0004,1.103,10,*6F
$GPYBM,SN00903638,071150.60,+29.673633056,+106.476288671,247.913,221.639,-1.382,-4.425,-4.075,-0.012,6.016,3361702.114,-815328.802,-120.769,116.802,4,4,12,1,0004,1.095,10,*69
$GPYBM,SN00903638,071150.80,+29.673624976,+106.476280547,247.925,222.396,-0.984,-4.474,-3.942,-0.058,5.963,3361701.300,-815329.708,-121.665,116.016,4,4,11,1,0004,1.105,11,*6C
$GPYBM,SN00903638,071151.00,+29.673616918,+106.476272418,247.911,221.001,-1.191,-4.467,-3.935,0.062,5.953,3361700.489,-815330.614,-122.558,115.229,4,4,12,2,0004,1.102,11,*4C
$GPYBM,SN00903638,071151.20,+29.673608761,+106.476264531,247.928,219.754,-1.072,-4.518,-3.826,-0.076,5.920,3361699.664,-815331.497,-123.462,114.466,4,4,12,1,0004,1.102,11,*6E
$GPYBM,SN00903638,071151.40,+29.673600474,+106.476257003,247.916,218.258,-1.408,-4.588,-3.656,0.049,5.866,3361698.821,-815332.347,-124.381,113.737,4,4,11,1,0004,1.101,11,*47
$GPYBM,SN00903638,071151.60,+29.673592059,+106.476249804,247.921,216.018,-0.615,-4.659,-3.497,-0.016,5.825,3361697.959,-815333.167,-125.314,113.040,4,4,11,1,0004,1.101,11,*6F
$GPYBM,SN00903638,071151.80,+29.673583483,+106.476243108,247.922,213.453,-2.146,-4.747,-3.259,-0.007,5.758,3361697.073,-815333.939,-126.265,112.392,4,4,12,1,0004,1.095,11,*68
$GPYBM,SN00903638,071152.00,+29.673574747,+106.476237010,247.916,210.478,-0.595,-4.835,-2.973,0.025,5.676,3361696.162,-815334.655,-127.233,111.802,4,4,11,2,0004,1.100,12,*49
$GPYBM,SN00903638,071152.20,+29.673565879,+106.476231507,247.907,207.350,-1.126,-4.910,-2.685,0.046,5.596,3361695.230,-815335.314,-128.216,111.269,4,4,11,1,0004,1.098,11,*4B
$GPYBM,SN00903638,071152.40,+29.673556862,+106.476226824,247.914,204.387,-1.067,-4.992,-2.296,-0.032,5.495,3361694.271,-815335.894,-129.216,110.815,4,4,13,1,0004,1.106,11,*60
$GPYBM,SN00903638,071152.60,+29.673547705,+106.476222691,247.919,200.705,-2.132,-5.070,-2.021,-0.024,5.458,3361693.289,-815336.423,-130.231,110.415,4,4,13,1,0004,1.101,11,*64
$GPYBM,SN00903638,071152.80,+29.673538541,+106.476219381,247.912,197.138,-0.948,-5.078,-1.631,0.033,5.334,3361692.298,-815336.870,-131.246,110.095,4,4,13,1,0004,1.106,11,*4E
$GPYBM,SN00903638,071153.00,+29.673529352,+106.476216696,247.912,193.380,-1.069,-5.092,-1.323,0.002,5.261,3361691.296,-815337.257,-132.265,109.835,4,4,12,2,0004,1.101,11,*4E
$GPYBM,SN00903638,071153.20,+29.673520205,+106.476214747,247.916,188.983,-1.578,-5.071,-0.970,-0.018,5.163,3361690.291,-815337.571,-133.279,109.646,4,4,12,1,0004,1.105,11,*68
$GPYBM,SN00903638,071153.40,+29.673511054,+106.476213716,247.914,185.122,-2.150,-5.072,-0.532,0.007,5.100,3361689.274,-815337.795,-134.293,109.547,4,4,12,1,0004,1.107,12,*4C
$GPYBM,SN00903638,071153.60,+29.673501927,+106.476213317,247.921,180.389,-0.808,-5.060,-0.217,-0.031,5.064,3361688.252,-815337.956,-135.305,109.508,4,4,12,1,0004,1.106,12,*68
$GPYBM,SN00903638,071153.80,+29.673492973,+106.476213843,247.913,176.725,-0.950,-4.970,0.221,0.035,4.975,3361687.240,-815338.024,-136.298,109.559,4,4,12,1,0004,1.107,12,*6C
$GPYBM,SN00903638,071154.00,+29.673484218,+106.476215036,247.912,172.659,-1.780,-4.861,0.553,0.007,4.892,3361686.241,-815338.024,-137.268,109.674,4,4,13,2,0004,1.103,12,*6D
$GPYBM,SN00903638,071154.20,+29.673475767,+106.476216951,247.898,169.162,-0.880,-4.696,0.901,0.066,4.782,3361685.269,-815337.949,-138.205,109.860,4,4,13,1,0004,1.097,12,*6F
$GPYBM,SN00903638,071154.40,+29.673467541,+106.476219423,247.872,164.791,-1.130,-4.569,1.176,0.125,4.718,3361684.315,-815337.817,-139.117,110.099,4,4,13,1,0004,1.100,11,*6E
$GPYBM,SN00903638,071154.60,+29.673459553,+106.476222369,247.882,160.868,-0.543,-4.437,1.408,-0.037,4.656,3361683.383,-815337.635,-140.002,110.384,4,4,13,1,0004,1.100,11,*40
$GPYBM,SN00903638,071154.80,+29.673451755,+106.476226018,247.880,158.429,2.439,-4.330,1.741,0.006,4.667,3361682.463,-815337.381,-140.867,110.738,4,4,12,1,0004,1.091,11,*41
$GPYBM,SN00903638,071155.00,+29.673444276,+106.476230147,247.898,154.697,5.255,-4.158,1.981,-0.084,4.606,3361681.574,-815337.076,-141.696,111.137,4,4,12,2,0004,1.111,11,*6F
$GPYBM,SN00903638,071155.20,+29.673437113,+106.476234848,247.877,150.746,6.834,-3.983,2.255,0.090,4.577,3361680.714,-815336.710,-142.490,111.592,4,4,12,1,0004,1.116,11,*43
$GPYBM,SN00903638,071155.40,+29.673430235,+106.476239928,247.916,144.839,-1.589,-3.824,2.444,-0.173,4.538,3361679.881,-815336.303,-143.252,112.084,4,4,11,1,0004,1.102,10,*46
$GPYBM,SN00903638,071155.60,+29.673423852,+106.476245716,247.898,141.490,-4.822,-3.558,2.777,0.072,4.513,3361679.096,-815335.820,-143.960,112.644,4,4,11,1,0004,1.103,10,*66
$GPYBM,SN00903638,071155.80,+29.673417727,+106.476251826,247.879,139.341,-2.716,-3.406,2.944,0.093,4.502,3361678.336,-815335.303,-144.639,113.236,4,4,11,1,0004,1.099,9,*59
$GPYBM,SN00903638,071156.00,+29.673411818,+106.476258130,247.890,138.076,2.820,-3.284,3.044,-0.045,4.478,3361677.598,-815334.763,-145.294,113.846,4,4,11,2,0004,1.100,9,*5B
$GPYBM,SN00903638,071156.20,+29.673406045,+106.476264498,247.907,135.030,-2.739,-3.206,3.080,-0.084,4.445,3361676.874,-815334.215,-145.934,114.463,4,4,12,1,0004,1.101,8,*7B
$GPYBM,SN00903638,071156.40,+29.673400577,+106.476271317,247.873,133.718,-3.556,-3.044,3.284,0.155,4.478,3361676.180,-815333.619,-146.540,115.123,4,4,11,1,0004,1.100,9,*56
$GPYBM,SN00903638,071156.60,+29.673395132,+106.476277956,247.856,133.545,-2.756,-3.020,3.218,0.089,4.414,3361675.490,-815333.040,-147.143,115.765,4,4,11,1,0004,1.103,8,*5D
$GPYBM,SN00903638,071156.80,+29.673389708,+106.476284687,247.852,132.849,-3.794,-3.007,3.255,0.024,4.432,3361674.802,-815332.451,-147.745,116.417,4,4,11,1,0004,1.104,9,*5A
$GPYBM,SN00903638,071157.00,+29.673384326,+106.476291323,247.844,133.195,-2.272,-2.985,3.215,0.038,4.387,3361674.119,-815331.872,-148.341,117.059,4,4,10,2,0004,1.103,9,*51
$GPYBM,SN00903638,071157.20,+29.673378918,+106.476297931,247.849,133.358,-2.516,-2.996,3.200,-0.018,4.384,3361673.434,-815331.296,-148.941,117.699,4,4,9,1,0004,1.104,8,*49
$GPYBM,SN00903638,071157.40,+29.673373590,+106.476304534,247.835,133.778,-2.803,-2.956,3.196,0.063,4.354,3361672.758,-815330.719,-149.531,118.338,4,4,9,1,0004,1.104,9,*63
$GPYBM,SN00903638,071157.60,+29.673368164,+106.476310877,247.838,133.573,-3.511,-3.004,3.079,-0.012,4.301,3361672.073,-815330.169,-150.133,118.952,4,4,9,1,0004,1.101,9,*46
$GPYBM,SN00903638,071157.80,+29.673362993,+106.476317109,247.826,133.954,-3.775,-2.876,3.021,0.056,4.171,3361671.419,-815329.626,-150.706,119.556,4,4,9,1,0004,1.101,9,*6C
$GPYBM,SN00903638,071158.00,+29.673358057,+106.476322931,247.815,135.473,-2.926,-2.745,2.832,0.055,3.944,3361670.796,-815329.121,-151.253,120.119,4,4,9,2,0004,1.102,9,*6B
$GPYBM,SN00903638,071158.20,+29.673353392,+106.476328099,247.817,135.431,-3.731,-2.597,2.525,-0.005,3.622,3361670.211,-815328.676,-151.770,120.620,4,4,9,1,0004,1.100,9,*43
$GPYBM,SN00903638,071158.40,+29.673349191,+106.476332870,247.781,136.542,-1.354,-2.347,2.324,0.167,3.303,3361669.683,-815328.263,-152.236,121.081,4,4,9,1,0004,1.102,9,*67
$GPYBM,SN00903638,071158.60,+29.673344703,+106.476337655,247.787,136.326,-2.390,-2.478,2.317,-0.016,3.392,3361669.123,-815327.854,-152.734,121.545,4,4,9,1,0004,1.100,9,*4D
$GPYBM,SN00903638,071158.80,+29.673340000,+106.476342766,247.787,136.782,-2.434,-2.598,2.463,-0.003,3.580,3361668.534,-815327.415,-153.255,122.039,4,4,9,1,0004,1.098,9,*4D
$GPYBM,SN00903638,071159.00,+29.673335415,+106.476347647,247.778,137.703,-2.184,-2.545,2.370,0.040,3.477,3361667.962,-815326.997,-153.763,122.512,4,4,9,2,0004,1.100,9,*68
$GPYBM,SN00903638,071159.20,+29.673330933,+106.476352215,247.801,138.083,-3.591,-2.488,2.222,-0.104,3.336,3361667.404,-815326.609,-154.260,122.954,4,4,9,1,0004,1.097,9,*4F
$GPYBM,SN00903638,071159.40,+29.673326552,+106.476356661,247.773,138.906,-1.345,-2.433,2.157,0.126,3.251,3361666.860,-815326.231,-154.746,123.385,4,4,9,1,0004,1.104,9,*64
$GPYBM,SN00903638,071159.60,+29.673321993,+106.476361114,247.779,139.375,-1.698,-2.520,2.156,-0.019,3.316,3361666.295,-815325.855,-155.251,123.816,4,4,9,1,0004,1.100,9,*4D
$GPYBM,SN00903638,071159.80,+29.673317299,+106.476365546,247.792,140.018,-2.158,-2.596,2.146,-0.062,3.368,3361665.716,-815325.482,-155.771,124.245,4,4,9,1,0004,1.100,9,*45
$GPYBM,SN00903638,071200.00,+29.673312627,+106.476370013,247.777,141.085,-2.046,-2.590,2.161,0.063,3.373,3361665.138,-815325.106,-156.289,124.677,4,4,9,2,0004,1.098,9,*66
$GPYBM,SN00903638,071200.20,+29.673307698,+106.476374381,247.787,142.017,-2.110,-2.722,2.117,-0.038,3.449,3361664.533,-815324.743,-156.836,125.100,4,4,9,1,0004,1.098,9,*49
$GPYBM,SN00903638,071200.40,+29.673302615,+106.476378858,247.790,142.256,-2.002,-2.811,2.164,-0.020,3.547,3361663.909,-815324.372,-157.399,125.533,4,4,9,1,0004,1.096,9,*43
$GPYBM,SN00903638,071200.60,+29.673297374,+106.476383330,247.790,143.363,-1.351,-2.898,2.164,0.002,3.617,3361663.267,-815324.003,-157.980,125.966,4,4,9,1,0004,1.104,9,*67
$GPYBM,SN00903638,071200.80,+29.673291918,+106.476387975,247.779,143.486,-0.363,-3.015,2.242,0.048,3.758,3361662.600,-815323.620,-158.585,126.416,4,4,10,1,0004,1.103,9,*50
$GPYBM,SN00903638,071201.00,+29.673286216,+106.476392862,247.803,143.114,-1.875,-3.150,2.357,-0.108,3.934,3361661.902,-815323.217,-159.217,126.889,4,4,11,2,0004,1.099,9,*78
$GPYBM,SN00903638,071201.20,+29.673280298,+106.476397903,247.790,143.019,-2.168,-3.271,2.434,0.054,4.077,3361661.177,-815322.801,-159.873,127.377,4,4,9,1,0004,1.099,9,*67
$GPYBM,SN00903638,071201.40,+29.673274079,+106.476403224,247.785,142.981,-2.039,-3.435,2.566,0.028,4.287,3361660.416,-815322.362,-160.562,127.892,4,4,10,1,0004,1.099,9,*5F
$GPYBM,SN00903638,071201.60,+29.673267589,+106.476408808,247.785,142.948,-1.355,-3.586,2.693,0.000,4.485,3361659.621,-815321.900,-161.282,128.433,4,4,9,1,0004,1.100,9,*63
$GPYBM,SN00903638,071201.80,+29.673260867,+106.476414733,247.780,142.851,-1.742,-3.716,2.856,0.024,4.687,3361658.796,-815321.409,-162.027,129.006,4,4,9,1,0004,1.104,9,*68
$GPYBM,SN00903638,071202.00,+29.673253832,+106.476420875,247.778,141.866,-1.512,-3.886,2.965,0.008,4.888,3361657.933,-815320.900,-162.807,129.601,4,4,10,2,0004,1.102,9,*5B
$GPYBM,SN00903638,071202.20,+29.673246686,+106.476427449,247.773,141.150,-1.406,-3.955,3.167,0.026,5.067,3361657.053,-815320.350,-163.599,130.237,4,4,9,1,0004,1.104,9,*64
$GPYBM,SN00903638,071202.40,+29.673239405,+106.476434353,247.782,139.386,-2.523,-4.030,3.330,-0.039,5.227,3361656.154,-815319.770,-164.406,130.906,4,4,9,1,0004,1.101,9,*4F
$GPYBM,SN00903638,071202.60,+29.673232128,+106.476441725,247.756,138.952,-1.496,-4.033,3.551,0.119,5.374,3361655.249,-815319.143,-165.213,131.619,4,4,9,1,0004,1.102,9,*6D
$GPYBM,SN00903638,071202.80,+29.673224647,+106.476449340,247.754,137.909,-1.610,-4.138,3.677,0.017,5.536,3361654.319,-815318.496,-166.042,132.356,4,4,9,1,0004,1.104,9,*6F
$GPYBM,SN00903638,071203.00,+29.673217104,+106.476457300,247.753,137.080,-1.725,-4.178,3.841,0.002,5.675,3361653.378,-815317.815,-166.878,133.127,4,4,9,2,0004,1.105,9,*64
$GPYBM,SN00903638,071203.20,+29.673209524,+106.476465645,247.742,136.303,-1.443,-4.200,4.025,0.053,5.817,3361652.428,-815317.098,-167.718,133.935,4,4,9,1,0004,1.106,9,*62
$GPYBM,SN00903638,071203.40,+29.673201824,+106.476474268,247.748,135.232,-2.447,-4.263,4.163,-0.022,5.958,3361651.462,-815316.354,-168.572,134.770,4,4,10,1,0004,1.106,9,*7E
$GPYBM,SN00903638,071203.60,+29.673194083,+106.476483188,247.722,134.725,-1.686,-4.289,4.307,0.116,6.078,3361650.487,-815315.582,-169.430,135.633,4,4,10,1,0004,1.100,9,*55
$GPYBM,SN00903638,071203.80,+29.673186277,+106.476492311,247.705,134.967,-1.770,-4.324,4.408,0.088,6.174,3361649.503,-815314.791,-170.295,136.516,4,4,10,1,0004,1.105,9,*54
$GPYBM,SN00903638,071204.00,+29.673178237,+106.476501559,247.692,134.820,-1.031,-4.447,4.471,0.067,6.306,3361648.491,-815313.991,-171.186,137.411,4,4,10,2,0004,1.110,9,*58
$GPYBM,SN00903638,071204.20,+29.673170081,+106.476511124,247.693,134.578,-1.665,-4.515,4.619,0.001,6.459,3361647.462,-815313.161,-172.090,138.337,4,4,9,1,0004,1.104,9,*60
$GPYBM,SN00903638,071204.40,+29.673161823,+106.476520837,247.679,134.384,-1.882,-4.573,4.696,0.065,6.555,3361646.420,-815312.318,-173.006,139.278,4,4,9,1,0004,1.104,9,*6E
$GPYBM,SN00903638,071204.60,+29.673153402,+106.476530682,247.678,134.464,-1.862,-4.661,4.760,0.009,6.662,3361645.358,-815311.464,-173.939,140.231,4,4,9,1,0004,1.101,9,*67
$GPYBM,SN00903638,071204.80,+29.673144949,+106.476540695,247.648,134.594,-1.643,-4.683,4.841,0.140,6.735,3361644.291,-815310.594,-174.876,141.200,4,4,10,1,0004,1.102,9,*5C
$GPYBM,SN00903638,071205.00,+29.673136278,+106.476550864,247.648,134.403,-2.046,-4.798,4.916,0.009,6.869,3361643.197,-815309.712,-175.837,142.185,4,4,9,2,0004,1.102,9,*61
$GPYBM,SN00903638,071205.20,+29.673127458,+106.476561118,247.641,134.438,-1.723,-4.882,4.960,0.037,6.960,3361642.086,-815308.823,-176.815,143.177,4,4,10,1,0004,1.105,9,*5E
$GPYBM,SN00903638,071205.40,+29.673118607,+106.476571534,247.627,134.647,-0.994,-4.905,5.034,0.061,7.029,3361640.969,-815307.919,-177.796,144.185,4,4,10,1,0004,1.104,9,*5C
$GPYBM,SN00903638,071205.60,+29.673109527,+106.476582008,247.630,134.297,-2.259,-5.024,5.066,-0.012,7.135,3361639.826,-815307.012,-178.803,145.199,4,4,11,1,0004,1.102,9,*76
$GPYBM,SN00903638,071205.80,+29.673100325,+106.476592699,247.606,134.937,-1.993,-5.095,5.167,0.111,7.256,3361638.666,-815306.086,-179.823,146.234,4,4,11,1,0004,1.102,9,*50
$GPYBM,SN00903638,071206.00,+29.673091006,+106.476603485,247.607,135.210,-2.288,-5.161,5.216,-0.002,7.338,3361637.492,-815305.151,-180.856,147.279,4,4,11,2,0004,1.101,9,*72
$GPYBM,SN00903638,071206.20,+29.673081574,+106.476614315,247.595,135.325,-1.018,-5.222,5.241,0.059,7.399,3361636.305,-815304.214,-181.901,148.327,4,4,11,1,0004,1.109,10,*6F
$GPYBM,SN00903638,071206.40,+29.673071962,+106.476625253,247.598,134.941,-1.834,-5.320,5.290,-0.007,7.503,3361635.097,-815303.269,-182.967,149.386,4,4,10,1,0004,1.105,10,*40
$GPYBM,SN00903638,071206.60,+29.673062333,+106.476636395,247.588,134.495,-2.972,-5.336,5.386,0.043,7.581,3361633.884,-815302.304,-184.034,150.464,4,4,10,1,0004,1.108,10,*64
$GPYBM,SN00903638,071206.80,+29.673052589,+106.476647543,247.572,133.880,-3.993,-5.397,5.395,0.078,7.631,3361632.658,-815301.340,-185.114,151.544,4,4,12,1,0004,1.111,10,*6F
$GPYBM,SN00903638,071207.00,+29.673042781,+106.476658909,247.560,134.855,-1.277,-5.433,5.495,0.064,7.727,3361631.422,-815300.355,-186.202,152.644,4,4,11,2,0004,1.105,9,*58
$GPYBM,SN00903638,071207.20,+29.673032847,+106.476670262,247.570,134.622,-2.131,-5.501,5.495,-0.042,7.775,3361630.173,-815299.374,-187.303,153.743,4,4,10,1,0004,1.103,9,*77
$GPYBM,SN00903638,071207.40,+29.673022923,+106.476681740,247.570,134.691,-1.618,-5.500,5.551,-0.005,7.815,3361628.923,-815298.380,-188.403,154.854,4,4,11,1,0004,1.103,9,*74
$GPYBM,SN00903638,071207.60,+29.673013020,+106.476693224,247.565,134.961,-1.643,-5.491,5.556,0.015,7.812,3361627.675,-815297.385,-189.501,155.966,4,4,10,1,0004,1.106,9,*5B
$GPYBM,SN00903638,071207.80,+29.673003147,+106.476704679,247.563,135.098,-1.194,-5.473,5.545,0.011,7.791,3361626.431,-815296.392,-190.595,157.075,4,4,11,1,0004,1.102,9,*51
$GPYBM,SN00903638,071208.00,+29.672993219,+106.476716045,247.576,134.342,-1.777,-5.500,5.505,-0.055,7.782,3361625.182,-815295.409,-191.695,158.175,4,4,10,2,0004,1.105,9,*70
$GPYBM,SN00903638,071208.20,+29.672983406,+106.476727500,247.570,134.522,-1.522,-5.443,5.542,0.021,7.768,3361623.945,-815294.416,-192.783,159.284,4,4,9,1,0004,1.105,9,*6E
$GPYBM,SN00903638,071208.40,+29.672973640,+106.476738938,247.553,134.526,-1.508,-5.415,5.537,0.082,7.744,3361622.713,-815293.424,-193.866,160.391,4,4,10,1,0004,1.104,10,*64
$GPYBM,SN00903638,071208.60,+29.672963836,+106.476750305,247.560,134.301,-1.867,-5.432,5.504,-0.029,7.733,3361621.478,-815292.439,-194.953,161.492,4,4,10,1,0004,1.104,10,*49
$GPYBM,SN00903638,071208.80,+29.672954067,+106.476761770,247.563,134.434,-1.226,-5.416,5.546,-0.013,7.752,3361620.246,-815291.444,-196.036,162.602,4,4,10,1,0004,1.105,10,*4A
$GPYBM,SN00903638,071209.00,+29.672944235,+106.476773255,247.557,134.379,-1.474,-5.447,5.558,0.028,7.782,3361619.006,-815290.448,-197.125,163.713,4,4,11,2,0004,1.105,10,*6C
$GPYBM,SN00903638,071209.20,+29.672934410,+106.476784826,247.568,134.688,-2.019,-5.445,5.598,-0.052,7.809,3361617.767,-815289.444,-198.214,164.833,4,4,12,1,0004,1.104,10,*48
$GPYBM,SN00903638,071209.40,+29.672924654,+106.476796377,247.559,134.350,-1.195,-5.410,5.591,0.041,7.780,3361616.535,-815288.441,-199.296,165.952,4,4,11,1,0004,1.102,10,*64
$GPYBM,SN00903638,071209.60,+29.672914904,+106.476808000,247.561,134.225,-1.215,-5.404,5.624,-0.009,7.799,3361615.303,-815287.430,-200.377,167.077,4,4,11,1,0004,1.104,11,*49
$GPYBM,SN00903638,071209.80,+29.672905084,+106.476819657,247.577,133.922,-1.305,-5.440,5.641,-0.073,7.837,3361614.062,-815286.417,-201.465,168.205,4,4,11,1,0004,1.105,11,*46
$GPYBM,SN00903638,071210.00,+29.672895337,+106.476831398,247.581,134.080,-1.348,-5.405,5.680,-0.024,7.841,3361612.829,-815285.395,-202.546,169.342,4,4,12,2,0004,1.106,11,*4C
$GPYBM,SN00903638,071210.20,+29.672885566,+106.476843145,247.589,133.652,-1.197,-5.415,5.685,-0.040,7.851,3361611.593,-815284.372,-203.629,170.479,4,4,11,1,0004,1.103,11,*45
$GPYBM,SN00903638,071210.40,+29.672875823,+106.476855013,247.598,133.552,-1.241,-5.401,5.741,-0.046,7.882,3361610.359,-815283.337,-204.709,171.628,4,4,11,1,0004,1.105,11,*48
$GPYBM,SN00903638,071210.60,+29.672866066,+106.476866977,247.617,133.190,-2.483,-5.408,5.787,-0.090,7.920,3361609.122,-815282.293,-205.790,172.786,4,4,11,1,0004,1.103,10,*46
$GPYBM,SN00903638,071210.80,+29.672856312,+106.476878872,247.612,132.904,-1.649,-5.406,5.760,0.015,7.899,3361607.887,-815281.256,-206.872,173.938,4,4,12,1,0004,1.104,10,*6E
$GPYBM,SN00903638,071211.00,+29.672846649,+106.476890892,247.596,132.804,-1.270,-5.359,5.814,0.078,7.907,3361606.660,-815280.205,-207.943,175.101,4,4,11,2,0004,1.107,10,*6D
$GPYBM,SN00903638,071211.20,+29.672836988,+106.476902946,247.589,132.279,-0.845,-5.355,5.833,0.035,7.918,3361605.433,-815279.151,-209.014,176.268,4,4,11,2,0004,1.105,10,*6E
$GPYBM,SN00903638,071211.40,+29.672827347,+106.476915117,247.606,131.997,-1.633,-5.345,5.887,-0.075,7.951,3361604.206,-815278.085,-210.082,177.446,4,4,11,2,0004,1.103,10,*41
$GPYBM,SN00903638,071211.60,+29.672817797,+106.476927363,247.594,131.930,-0.830,-5.297,5.925,0.048,7.947,3361602.990,-815277.011,-211.141,178.632,4,4,11,2,0004,1.106,10,*67
$GPYBM,SN00903638,071211.80,+29.672808244,+106.476939673,247.610,131.383,-1.834,-5.295,5.956,-0.068,7.969,3361601.772,-815275.930,-212.200,179.824,4,4,11,2,0004,1.104,11,*4D
$GPYBM,SN00903638,071212.00,+29.672798791,+106.476952107,247.600,131.501,-2.059,-5.243,6.014,0.038,7.979,3361600.564,-815274.836,-213.248,181.027,4,4,12,3,0004,1.107,11,*65
$GPYBM,SN00903638,071212.20,+29.672789255,+106.476964585,247.602,131.392,-0.815,-5.283,6.038,-0.005,8.023,3361599.346,-815273.739,-214.305,182.235,4,4,12,1,0004,1.105,11,*4A
$GPYBM,SN00903638,071212.40,+29.672779727,+106.476976993,247.627,131.104,-1.112,-5.281,6.008,-0.118,7.999,3361598.129,-815272.648,-215.361,183.436,4,4,11,1,0004,1.107,11,*4F
$GPYBM,SN00903638,071212.60,+29.672770217,+106.476989463,247.643,131.156,-2.003,-5.272,6.034,-0.080,8.013,3361596.914,-815271.551,-216.415,184.644,4,4,11,1,0004,1.106,11,*46
$GPYBM,SN00903638,071212.80,+29.672760709,+106.477001969,247.610,131.526,-1.237,-5.270,6.052,0.148,8.025,3361595.699,-815270.450,-217.469,185.854,4,4,11,1,0004,1.108,11,*62
$GPYBM,SN00903638,071213.00,+29.672751063,+106.477014343,247.623,131.677,-0.578,-5.341,5.994,-0.049,8.028,3361594.470,-815269.365,-218.538,187.052,4,4,11,2,0004,1.109,11,*44
$GPYBM,SN00903638,071213.20,+29.672741458,+106.477026832,247.634,132.209,-1.226,-5.325,6.042,-0.058,8.053,3361593.244,-815268.267,-219.603,188.261,4,4,11,1,0004,1.106,11,*42
$GPYBM,SN00903638,071213.40,+29.672731793,+106.477039255,247.630,131.836,-1.814,-5.355,6.015,0.015,8.053,3361592.012,-815267.177,-220.674,189.464,4,4,11,1,0004,1.104,10,*6F
$GPYBM,SN00903638,071213.60,+29.672722041,+106.477051608,247.631,131.992,-1.931,-5.402,5.981,-0.004,8.060,3361590.771,-815266.095,-221.755,190.660,4,4,11,1,0004,1.105,10,*42
$GPYBM,SN00903638,071213.80,+29.672712341,+106.477063753,247.642,132.235,-1.243,-5.378,5.886,-0.050,7.973,3361589.539,-815265.032,-222.831,191.835,4,4,10,1,0004,1.107,10,*4E
$GPYBM,SN00903638,071214.00,+29.672702693,+106.477075901,247.657,132.450,-1.624,-5.350,5.880,-0.077,7.949,3361588.312,-815263.969,-223.900,193.011,4,4,10,2,0004,1.102,10,*47
$GPYBM,SN00903638,071214.20,+29.672693103,+106.477087774,247.673,132.463,-1.486,-5.317,5.756,-0.079,7.836,3361587.095,-815262.931,-224.963,194.161,4,4,10,1,0004,1.104,10,*46
$GPYBM,SN00903638,071214.40,+29.672683723,+106.477099531,247.666,132.851,-0.574,-5.208,5.696,0.029,7.717,3361585.903,-815261.902,-226.003,195.299,4,4,10,1,0004,1.108,10,*68
$GPYBM,SN00903638,071214.60,+29.672674289,+106.477111074,247.680,133.145,-1.512,-5.227,5.595,-0.066,7.656,3361584.708,-815260.895,-227.049,196.416,4,4,10,1,0004,1.104,10,*42
$GPYBM,SN00903638,071214.80,+29.672664978,+106.477122458,247.685,133.707,-0.857,-5.165,5.516,-0.025,7.557,3361583.528,-815259.902,-228.081,197.518,4,4,10,1,0004,1.107,10,*45
$GPYBM,SN00903638,071215.00,+29.672655678,+106.477133606,247.699,133.764,-1.708,-5.155,5.404,-0.066,7.469,3361582.352,-815258.932,-229.112,198.598,4,4,10,2,0004,1.104,10,*4B
$GPYBM,SN00903638,071215.20,+29.672646523,+106.477144530,247.704,134.080,-1.709,-5.080,5.296,-0.029,7.338,3361581.195,-815257.983,-230.127,199.655,4,4,11,1,0004,1.105,10,*43
$GPYBM,SN00903638,071215.40,+29.672637461,+106.477155207,247.702,134.442,-1.889,-5.027,5.177,0.008,7.216,3361580.051,-815257.056,-231.131,200.689,4,4,11,1,0004,1.100,10,*66
$GPYBM,SN00903638,071215.60,+29.672628504,+106.477165630,247.705,134.743,-1.819,-4.969,5.055,-0.015,7.088,3361578.922,-815256.152,-232.124,201.698,4,4,11,1,0004,1.101,10,*49
$GPYBM,SN00903638,071215.80,+29.672619652,+106.477175827,247.712,134.908,-1.959,-4.910,4.944,-0.034,6.968,3361577.808,-815255.269,-233.105,202.685,4,4,11,1,0004,1.105,10,*4A
$GPYBM,SN00903638,071216.00,+29.672610933,+106.477185802,247.721,134.678,-2.550,-4.838,4.836,-0.045,6.841,3361576.711,-815254.407,-234.072,203.650,4,4,12,2,0004,1.102,10,*44
$GPYBM,SN00903638,071216.20,+29.672602431,+106.477195674,247.721,134.823,-2.165,-4.721,4.783,-0.000,6.720,3361575.640,-815253.551,-235.014,204.606,4,4,11,1,0004,1.104,10,*49
$GPYBM,SN00903638,071216.40,+29.672594079,+106.477205329,247.719,135.054,-1.927,-4.635,4.681,0.009,6.588,3361574.588,-815252.715,-235.940,205.541,4,4,10,1,0004,1.105,9,*54
$GPYBM,SN00903638,071216.60,+29.672585826,+106.477214689,247.716,135.295,-1.363,-4.579,4.541,0.015,6.449,3361573.551,-815251.907,-236.855,206.447,4,4,10,1,0004,1.105,10,*63
$GPYBM,SN00903638,071216.80,+29.672577702,+106.477223843,247.729,134.855,-1.876,-4.508,4.439,-0.061,6.326,3361572.530,-815251.117,-237.755,207.333,4,4,10,1,0004,1.102,10,*4A
$GPYBM,SN00903638,071217.00,+29.672569783,+106.477232904,247.724,135.354,-1.407,-4.398,4.389,0.017,6.214,3361571.534,-815250.333,-238.633,208.210,4,4,10,2,0004,1.100,10,*66
$GPYBM,SN00903638,071217.20,+29.672561998,+106.477241658,247.743,135.210,-2.832,-4.321,4.248,-0.088,6.059,3361570.557,-815249.578,-239.496,209.058,4,4,10,1,0004,1.103,10,*4B
$GPYBM,SN00903638,071217.40,+29.672554427,+106.477250276,247.720,135.623,-0.668,-4.205,4.176,0.101,5.927,3361569.605,-815248.833,-240.335,209.892,4,4,10,1,0004,1.104,10,*69
$GPYBM,SN00903638,071217.60,+29.672546918,+106.477258708,247.743,135.137,-1.426,-4.165,4.088,-0.099,5.836,3361568.662,-815248.106,-241.168,210.708,4,4,10,1,0004,1.105,10,*4B
$GPYBM,SN00903638,071217.80,+29.672539505,+106.477267122,247.746,135.766,-1.096,-4.112,4.074,-0.018,5.789,3361567.730,-815247.379,-241.989,211.523,4,4,10,1,0004,1.100,10,*42
$GPYBM,SN00903638,071218.00,+29.672532019,+106.477275443,247.752,135.509,-1.405,-4.147,4.030,-0.032,5.783,3361566.791,-815246.662,-242.819,212.328,4,4,10,2,0004,1.106,10,*41
$GPYBM,SN00903638,071218.20,+29.672524553,+106.477283840,247.758,135.540,-0.936,-4.139,4.062,-0.028,5.799,3361565.854,-815245.938,-243.647,213.141,4,4,10,1,0004,1.105,10,*42
$GPYBM,SN00903638,071218.40,+29.672517120,+106.477292105,247.772,135.807,-1.424,-4.121,4.004,-0.070,5.746,3361564.921,-815245.226,-244.471,213.941,4,4,10,1,0004,1.107,10,*4F
$GPYBM,SN00903638,071218.60,+29.672509754,+106.477300309,247.763,135.938,-1.880,-4.085,3.974,0.038,5.699,3361563.997,-815244.519,-245.287,214.736,4,4,10,1,0004,1.103,10,*6B
$GPYBM,SN00903638,071218.80,+29.672502521,+106.477308281,247.761,136.333,-1.200,-4.014,3.867,0.013,5.574,3361563.091,-815243.833,-246.089,215.507,4,4,10,1,0004,1.102,10,*65
$GPYBM,SN00903638,071219.00,+29.672495384,+106.477316010,247.771,136.832,-1.790,-3.960,3.750,-0.045,5.453,3361562.198,-815243.170,-246.880,216.256,4,4,10,2,0004,1.104,10,*47
$GPYBM,SN00903638,071219.20,+29.672488290,+106.477323660,247.761,137.642,-1.814,-3.934,3.706,0.040,5.405,3361561.311,-815242.514,-247.667,216.996,4,4,10,1,0004,1.103,10,*6B
$GPYBM,SN00903638,071219.40,+29.672481169,+106.477330949,247.765,138.717,-1.356,-3.946,3.540,-0.016,5.301,3361560.425,-815241.894,-248.456,217.702,4,4,10,1,0004,1.106,10,*47
$GPYBM,SN00903638,071219.60,+29.672474066,+106.477337968,247.772,139.625,-2.185,-3.938,3.408,-0.030,5.207,3361559.545,-815241.300,-249.243,218.381,4,4,10,1,0004,1.101,10,*45
$GPYBM,SN00903638,071219.80,+29.672467040,+106.477344707,247.765,140.562,-2.299,-3.897,3.272,0.029,5.089,3361558.676,-815240.732,-250.022,219.034,4,4,10,1,0004,1.103,10,*63
$GPYBM,SN00903638,071220.00,+29.672460008,+106.477351141,247.758,141.725,-2.444,-3.897,3.125,0.035,4.996,3361557.810,-815240.194,-250.802,219.657,4,4,10,2,0004,1.100,10,*6A
$GPYBM,SN00903638,071220.20,+29.672453030,+106.477357209,247.750,144.131,-0.829,-3.870,2.950,0.037,4.866,3361556.955,-815239.692,-251.575,220.244,4,4,10,1,0004,1.105,11,*66
$GPYBM,SN00903638,071220.40,+29.672446104,+106.477362985,247.730,146.020,0.023,-3.841,2.807,0.096,4.757,3361556.109,-815239.218,-252.343,220.803,4,4,10,1,0004,1.108,11,*45
$GPYBM,SN00903638,071220.60,+29.672438950,+106.477368286,247.750,146.964,-0.378,-3.956,2.583,-0.084,4.725,3361555.242,-815238.793,-253.136,221.316,4,4,10,1,0004,1.103,11,*4B
$GPYBM,SN00903638,071220.80,+29.672431693,+106.477373088,247.756,150.102,-0.939,-4.018,2.342,-0.034,4.651,3361554.370,-815238.419,-253.940,221.781,4,4,10,1,0004,1.102,10,*49
$GPYBM,SN00903638,071221.00,+29.672424423,+106.477377754,247.731,152.928,0.911,-4.028,2.265,0.112,4.621,3361553.498,-815238.058,-254.746,222.233,4,4,10,2,0004,1.103,10,*46
$GPYBM,SN00903638,071221.20,+29.672416901,+106.477381792,247.766,155.108,-1.758,-4.160,1.976,-0.154,4.605,3361552.606,-815237.762,-255.580,222.624,4,4,10,1,0004,1.096,10,*45
$GPYBM,SN00903638,071221.40,+29.672409437,+106.477385490,247.763,158.035,-1.459,-4.139,1.803,0.002,4.514,3361551.723,-815237.499,-256.407,222.982,4,4,10,1,0004,1.102,10,*66
$GPYBM,SN00903638,071221.60,+29.672401871,+106.477388790,247.768,159.453,0.042,-4.189,1.612,-0.024,4.489,3361550.834,-815237.276,-257.246,223.301,4,4,10,1,0004,1.110,10,*67
$GPYBM,SN00903638,071221.80,+29.672394306,+106.477391734,247.790,161.996,-0.097,-4.193,1.438,-0.104,4.432,3361549.949,-815237.089,-258.085,223.586,4,4,10,1,0004,1.101,10,*4A
$GPYBM,SN00903638,071222.00,+29.672386892,+106.477394121,247.772,164.258,0.024,-4.115,1.175,0.078,4.280,3361549.088,-815236.954,-258.907,223.817,4,4,10,2,0004,1.109,10,*4D
$GPYBM,SN00903638,071222.20,+29.672379449,+106.477396279,247.767,168.083,-0.677,-4.125,1.054,0.028,4.257,3361548.226,-815236.841,-259.732,224.026,4,4,10,1,0004,1.107,11,*6C
$GPYBM,SN00903638,071222.40,+29.672371867,+106.477397678,247.774,171.462,0.751,-4.197,0.704,-0.029,4.256,3361547.357,-815236.805,-260.572,224.162,4,4,10,1,0004,1.110,11,*6B
$GPYBM,SN00903638,071222.60,+29.672364382,+106.477398658,247.784,176.416,-1.467,-4.152,0.490,-0.050,4.181,3361546.504,-815236.809,-261.402,224.257,4,4,10,1,0004,1.100,11,*4F
$GPYBM,SN00903638,071222.80,+29.672357051,+106.477399126,247.786,178.033,0.484,-4.070,0.245,-0.014,4.077,3361545.674,-815236.862,-262.214,224.302,4,4,10,1,0004,1.102,11,*61
$GPYBM,SN00903638,071223.00,+29.672349786,+106.477399150,247.804,181.160,2.061,-4.030,0.028,-0.081,4.030,3361544.857,-815236.957,-263.020,224.304,4,4,10,2,0004,1.110,11,*6B
$GPYBM,SN00903638,071223.20,+29.672342574,+106.477398536,247.828,184.455,2.066,-4.000,-0.274,-0.118,4.009,3361544.053,-815237.113,-263.819,224.245,4,4,10,1,0004,1.114,11,*4D
$GPYBM,SN00903638,071223.40,+29.672335435,+106.477397642,247.892,191.144,-2.797,-3.959,-0.422,-0.307,3.982,3361543.261,-815237.297,-264.611,224.158,4,4,10,1,0004,1.113,10,*61
$GPYBM,SN00903638,071223.60,+29.672328531,+106.477395548,247.825,193.775,-1.779,-3.836,-0.972,0.292,3.957,3361542.510,-815237.595,-265.376,223.956,4,4,10,1,0004,1.108,10,*4B
$GPYBM,SN00903638,071223.80,+29.672321641,+106.477393314,247.791,197.102,-0.762,-3.820,-1.073,0.178,3.968,3361541.761,-815237.906,-266.140,223.739,4,4,10,1,0004,1.110,10,*46
$GPYBM,SN00903638,071224.00,+29.672314525,+106.477390499,247.805,199.843,-0.038,-3.936,-1.343,-0.053,4.158,3361540.994,-815238.278,-266.928,223.467,4,4,10,2,0004,1.104,10,*68
$GPYBM,SN00903638,071224.20,+29.672307435,+106.477387440,247.854,203.006,0.044,-3.930,-1.471,-0.231,4.196,3361540.233,-815238.673,-267.714,223.171,4,4,10,1,0004,1.097,10,*46
$GPYBM,SN00903638,071224.40,+29.672300537,+106.477383495,247.815,207.603,-1.947,-3.831,-1.879,0.166,4.267,3361539.503,-815239.153,-268.479,222.789,4,4,10,1,0004,1.111,10,*4F
$GPYBM,SN00903638,071224.60,+29.672293577,+106.477378797,247.778,211.107,-1.096,-3.856,-2.246,0.181,4.462,3361538.776,-815239.707,-269.251,222.334,4,4,10,1,0004,1.104,10,*41
$GPYBM,SN00903638,071224.80,+29.672286716,+106.477373653,247.786,214.865,-1.719,-3.806,-2.473,-0.024,4.539,3361538.065,-815240.304,-270.011,221.836,4,4,9,1,0004,1.101,10,*59
$GPYBM,SN00903638,071225.00,+29.672279965,+106.477367779,247.757,218.065,0.292,-3.746,-2.817,0.134,4.687,3361537.374,-815240.971,-270.760,221.268,4,4,9,2,0004,1.096,10,*52
$GPYBM,SN00903638,071225.20,+29.672273355,+106.477361311,247.753,220.604,0.442,-3.670,-3.109,0.028,4.810,3361536.707,-815241.695,-271.492,220.641,4,4,9,1,0004,1.095,10,*51
$GPYBM,SN00903638,071225.40,+29.672266776,+106.477354509,247.769,223.675,-0.234,-3.648,-3.279,-0.074,4.905,3361536.047,-815242.451,-272.222,219.983,4,4,10,1,0004,1.105,10,*68
$GPYBM,SN00903638,071225.60,+29.672260330,+106.477347018,247.767,225.535,-1.877,-3.578,-3.599,-0.000,5.075,3361535.410,-815243.273,-272.936,219.258,4,4,10,1,0004,1.100,10,*6F
$GPYBM,SN00903638,071225.80,+29.672253902,+106.477339177,247.752,226.808,-0.457,-3.563,-3.783,0.076,5.197,3361534.778,-815244.128,-273.649,218.499,4,4,10,1,0004,1.098,10,*4A
$GPYBM,SN00903638,071226.00,+29.672247428,+106.477331083,247.752,227.821,-0.688,-3.587,-3.907,-0.001,5.304,3361534.145,-815245.010,-274.366,217.715,4,4,10,2,0004,1.105,10,*66
$GPYBM,SN00903638,071226.20,+29.672240869,+106.477322703,247.752,228.103,-1.978,-3.632,-4.046,0.002,5.437,3361533.506,-815245.920,-275.093,216.904,4,4,9,1,0004,1.106,10,*7E
$GPYBM,SN00903638,071226.40,+29.672234201,+106.477314033,247.703,227.803,-1.100,-3.691,-4.186,0.227,5.581,3361532.858,-815246.861,-275.833,216.065,4,4,12,1,0004,1.093,10,*4D
$GPYBM,SN00903638,071226.60,+29.672227432,+106.477305505,247.707,228.114,-1.776,-3.748,-4.132,-0.004,5.578,3361532.196,-815247.789,-276.583,215.239,4,4,12,1,0004,1.103,10,*6C
$GPYBM,SN00903638,071226.80,+29.672220537,+106.477296814,247.696,227.945,-0.114,-3.816,-4.202,0.056,5.677,3361531.523,-815248.734,-277.347,214.398,4,4,12,1,0004,1.102,10,*49
$GPYBM,SN00903638,071227.00,+29.672213489,+106.477287941,247.716,227.703,-1.073,-3.900,-4.290,-0.085,5.798,3361530.834,-815249.700,-278.129,213.539,4,4,12,2,0004,1.099,10,*6C
$GPYBM,SN00903638,071227.20,+29.672206326,+106.477278904,247.702,227.143,-0.023,-3.965,-4.368,0.055,5.899,3361530.134,-815250.683,-278.923,212.664,4,4,11,1,0004,1.099,10,*42
$GPYBM,SN00903638,071227.40,+29.672198919,+106.477270062,247.756,227.265,-1.128,-4.096,-4.286,-0.247,5.928,3361529.405,-815251.650,-279.744,211.808,4,4,12,1,0004,1.099,11,*65
$GPYBM,SN00903638,071227.60,+29.672191452,+106.477260921,247.743,227.063,-1.518,-4.136,-4.415,0.046,6.049,3361528.672,-815252.648,-280.571,210.923,4,4,12,1,0004,1.102,11,*41
$GPYBM,SN00903638,071227.80,+29.672183797,+106.477251691,247.748,226.257,-0.607,-4.236,-4.464,-0.022,6.153,3361527.920,-815253.656,-281.420,210.030,4,4,12,1,0004,1.098,11,*67
$GPYBM,SN00903638,071228.00,+29.672176062,+106.477242602,247.740,226.144,-0.577,-4.284,-4.404,0.037,6.144,3361527.156,-815254.652,-282.278,209.150,4,4,12,2,0004,1.101,12,*4E
$GPYBM,SN00903638,071228.20,+29.672168373,+106.477233487,247.746,226.254,-1.820,-4.263,-4.411,-0.025,6.135,3361526.399,-815255.650,-283.130,208.268,4,4,12,1,0004,1.099,12,*61
$GPYBM,SN00903638,071228.40,+29.672160730,+106.477224457,247.739,225.783,-1.224,-4.238,-4.374,0.033,6.090,3361525.645,-815256.639,-283.977,207.393,4,4,12,1,0004,1.097,12,*47
$GPYBM,SN00903638,071228.60,+29.672153094,+106.477215528,247.739,225.444,-0.758,-4.233,-4.326,-0.002,6.052,3361524.891,-815257.618,-284.824,206.529,4,4,12,1,0004,1.102,12,*62
$GPYBM,SN00903638,071228.80,+29.672145437,+106.477206695,247.736,225.739,-2.467,-4.243,-4.279,0.016,6.026,3361524.133,-815258.588,-285.672,205.674,4,4,13,1,0004,1.101,11,*4C
$GPYBM,SN00903638,071229.00,+29.672137850,+106.477197852,247.719,224.988,-1.349,-4.208,-4.280,0.080,6.002,3361523.384,-815259.557,-286.514,204.818,4,4,13,2,0004,1.104,11,*4A
$GPYBM,SN00903638,071229.20,+29.672130183,+106.477189104,247.713,224.611,-0.249,-4.246,-4.238,0.034,5.999,3361522.624,-815260.519,-287.363,203.971,4,4,13,2,0004,1.097,11,*4D
$GPYBM,SN00903638,071229.40,+29.672122623,+106.477180551,247.720,224.269,-0.919,-4.194,-4.147,-0.031,5.898,3361521.874,-815261.460,-288.201,203.143,4,4,13,2,0004,1.100,11,*68
$GPYBM,SN00903638,071229.60,+29.672115237,+106.477172331,247.715,224.474,-1.069,-4.101,-3.990,0.021,5.722,3361521.140,-815262.366,-289.020,202.347,4,4,13,2,0004,1.101,11,*40
$GPYBM,SN00903638,071229.80,+29.672108100,+106.477164434,247.715,224.024,-1.411,-3.966,-3.834,0.001,5.516,3361520.430,-815263.237,-289.811,201.583,4,4,13,2,0004,1.095,13,*42
$GPYBM,SN00903638,071230.00,+29.672101211,+106.477156912,247.716,224.002,-0.493,-3.829,-3.655,-0.003,5.293,3361519.743,-815264.068,-290.575,200.855,4,4,14,3,0004,1.104,13,*67
$GPYBM,SN00903638,071230.20,+29.672094553,+106.477149765,247.722,224.042,-1.333,-3.700,-3.473,-0.029,5.075,3361519.078,-815264.858,-291.313,200.163,4,4,13,1,0004,1.101,13,*69
$GPYBM,SN00903638,071230.40,+29.672088220,+106.477142843,247.715,223.834,-1.389,-3.523,-3.359,0.030,4.868,3361518.447,-815265.623,-292.015,199.493,4,4,13,1,0004,1.098,13,*42
$GPYBM,SN00903638,071230.60,+29.672082127,+106.477136402,247.719,223.967,-0.892,-3.387,-3.134,-0.015,4.615,3361517.837,-815266.337,-292.691,198.869,4,4,13,1,0004,1.100,13,*65
$GPYBM,SN00903638,071230.80,+29.672076320,+106.477130120,247.709,223.612,-0.640,-3.230,-3.047,0.045,4.441,3361517.258,-815267.031,-293.334,198.261,4,4,13,1,0004,1.107,13,*41
$GPYBM,SN00903638,071231.00,+29.672070616,+106.477124091,247.725,223.882,-1.199,-3.166,-2.928,-0.075,4.312,3361516.687,-815267.700,-293.967,197.678,4,4,13,2,0004,1.103,13,*6F
$GPYBM,SN00903638,071231.20,+29.672065149,+106.477118184,247.728,223.559,-0.614,-3.039,-2.864,-0.015,4.176,3361516.142,-815268.353,-294.573,197.106,4,4,13,1,0004,1.099,13,*6D
$GPYBM,SN00903638,071231.40,+29.672059835,+106.477112572,247.747,223.745,-1.207,-2.952,-2.727,-0.093,4.019,3361515.610,-815268.975,-295.162,196.563,4,4,13,1,0004,1.103,13,*67
$GPYBM,SN00903638,071231.60,+29.672054758,+106.477107105,247.747,223.553,-1.558,-2.824,-2.652,-0.007,3.874,3361515.103,-815269.580,-295.724,196.033,4,4,13,1,0004,1.102,13,*69
